<?xml version="1.0" encoding="UTF-8"?>
<coverage generated="1468412889986" clover="3.2.0">
	<project timestamp="1468412889986"  name="All Files" >
		<metrics statements="261"  coveredstatements="189"  conditionals="238"  coveredconditionals="151"  methods="100"  coveredmethods="79"  elements="599"  coveredelements="419"  complexity="0"  packages="3"  files="9"  classes="9"  loc="655"  ncloc="655" />
		<package name="js" >
			<metrics statements="147"  coveredstatements="99"  conditionals="198"  coveredconditionals="133"  methods="58"  coveredmethods="47" />
			<file name="Awake.js"  path="/home/rainteller/r/awake/app/js/Awake.js" >
				<metrics statements="5"  coveredstatements="5"  conditionals="31"  coveredconditionals="19"  methods="10"  coveredmethods="10" />
				<line num="1"  count="1"  type="cond"  truecount="5"  falsecount="3" />
				<line num="2"  count="2"  type="cond"  truecount="14"  falsecount="9" />
				<line num="4"  count="1"  type="stmt" />
				<line num="6"  count="1"  type="stmt" />
				<line num="8"  count="1"  type="stmt" />
			</file>
			<file name="GameScreen.js"  path="/home/rainteller/r/awake/app/js/GameScreen.js" >
				<metrics statements="126"  coveredstatements="79"  conditionals="65"  coveredconditionals="42"  methods="28"  coveredmethods="21" />
				<line num="1"  count="18"  type="cond"  truecount="6"  falsecount="6" />
				<line num="3"  count="2"  type="stmt" />
				<line num="4"  count="2"  type="stmt" />
				<line num="5"  count="2"  type="stmt" />
				<line num="6"  count="2"  type="stmt" />
				<line num="7"  count="2"  type="stmt" />
				<line num="8"  count="36"  type="cond"  truecount="15"  falsecount="10" />
				<line num="9"  count="2"  type="stmt" />
				<line num="10"  count="2"  type="stmt" />
				<line num="11"  count="8"  type="stmt" />
				<line num="15"  count="8"  type="stmt" />
				<line num="17"  count="8"  type="stmt" />
				<line num="18"  count="8"  type="stmt" />
				<line num="19"  count="8"  type="stmt" />
				<line num="20"  count="8"  type="stmt" />
				<line num="23"  count="8"  type="stmt" />
				<line num="24"  count="8"  type="stmt" />
				<line num="25"  count="8"  type="stmt" />
				<line num="26"  count="8"  type="stmt" />
				<line num="29"  count="2"  type="stmt" />
				<line num="31"  count="1"  type="stmt" />
				<line num="34"  count="1"  type="stmt" />
				<line num="35"  count="1"  type="stmt" />
				<line num="36"  count="1"  type="stmt" />
				<line num="37"  count="1"  type="stmt" />
				<line num="39"  count="1"  type="stmt" />
				<line num="43"  count="3"  type="stmt" />
				<line num="44"  count="3"  type="stmt" />
				<line num="46"  count="3"  type="stmt" />
				<line num="48"  count="3"  type="stmt" />
				<line num="52"  count="3"  type="stmt" />
				<line num="54"  count="3"  type="stmt" />
				<line num="55"  count="3"  type="stmt" />
				<line num="56"  count="3"  type="stmt" />
				<line num="58"  count="3"  type="stmt" />
				<line num="61"  count="1"  type="stmt" />
				<line num="62"  count="1"  type="stmt" />
				<line num="64"  count="1"  type="stmt" />
				<line num="65"  count="1"  type="stmt" />
				<line num="66"  count="1"  type="stmt" />
				<line num="67"  count="1"  type="stmt" />
				<line num="68"  count="1"  type="stmt" />
				<line num="69"  count="1"  type="stmt" />
				<line num="70"  count="1"  type="stmt" />
				<line num="71"  count="1"  type="stmt" />
				<line num="72"  count="1"  type="stmt" />
				<line num="73"  count="1"  type="stmt" />
				<line num="75"  count="1"  type="stmt" />
				<line num="76"  count="4"  type="stmt" />
				<line num="78"  count="1"  type="stmt" />
				<line num="97"  count="1"  type="stmt" />
				<line num="99"  count="1"  type="cond"  truecount="1"  falsecount="1" />
				<line num="100"  count="0"  type="stmt" />
				<line num="101"  count="0"  type="stmt" />
				<line num="102"  count="0"  type="stmt" />
				<line num="105"  count="1"  type="cond"  truecount="1"  falsecount="1" />
				<line num="106"  count="0"  type="stmt" />
				<line num="107"  count="0"  type="stmt" />
				<line num="108"  count="0"  type="stmt" />
				<line num="110"  count="1"  type="stmt" />
				<line num="116"  count="0"  type="stmt" />
				<line num="117"  count="0"  type="stmt" />
				<line num="119"  count="0"  type="stmt" />
				<line num="122"  count="0"  type="stmt" />
				<line num="123"  count="0"  type="stmt" />
				<line num="124"  count="0"  type="stmt" />
				<line num="128"  count="0"  type="stmt" />
				<line num="130"  count="0"  type="stmt" />
				<line num="131"  count="0"  type="stmt" />
				<line num="132"  count="0"  type="stmt" />
				<line num="134"  count="0"  type="stmt" />
				<line num="138"  count="0"  type="stmt" />
				<line num="139"  count="0"  type="stmt" />
				<line num="141"  count="0"  type="stmt" />
				<line num="143"  count="0"  type="stmt" />
				<line num="145"  count="0"  type="stmt" />
				<line num="147"  count="0"  type="stmt" />
				<line num="148"  count="0"  type="stmt" />
				<line num="149"  count="0"  type="stmt" />
				<line num="151"  count="0"  type="stmt" />
				<line num="155"  count="0"  type="stmt" />
				<line num="156"  count="0"  type="stmt" />
				<line num="158"  count="0"  type="stmt" />
				<line num="160"  count="0"  type="stmt" />
				<line num="162"  count="0"  type="stmt" />
				<line num="164"  count="0"  type="stmt" />
				<line num="165"  count="0"  type="stmt" />
				<line num="166"  count="0"  type="stmt" />
				<line num="168"  count="0"  type="stmt" />
				<line num="172"  count="0"  type="stmt" />
				<line num="173"  count="0"  type="stmt" />
				<line num="175"  count="0"  type="stmt" />
				<line num="177"  count="0"  type="stmt" />
				<line num="178"  count="0"  type="cond"  truecount="0"  falsecount="2" />
				<line num="179"  count="0"  type="stmt" />
				<line num="181"  count="0"  type="stmt" />
				<line num="184"  count="0"  type="stmt" />
				<line num="185"  count="0"  type="stmt" />
				<line num="186"  count="0"  type="stmt" />
				<line num="188"  count="0"  type="stmt" />
				<line num="191"  count="16"  type="stmt" />
				<line num="192"  count="16"  type="stmt" />
				<line num="193"  count="96"  type="stmt" />
				<line num="196"  count="96"  type="cond"  truecount="2"  falsecount="0" />
				<line num="197"  count="72"  type="cond"  truecount="1"  falsecount="1" />
				<line num="198"  count="0"  type="stmt" />
				<line num="200"  count="24"  type="cond"  truecount="1"  falsecount="1" />
				<line num="204"  count="96"  type="cond"  truecount="4"  falsecount="0" />
				<line num="206"  count="7"  type="stmt" />
				<line num="208"  count="14"  type="stmt" />
				<line num="210"  count="3"  type="stmt" />
				<line num="212"  count="6"  type="stmt" />
				<line num="214"  count="96"  type="stmt" />
				<line num="217"  count="16"  type="stmt" />
				<line num="218"  count="96"  type="stmt" />
				<line num="219"  count="96"  type="cond"  truecount="4"  falsecount="0" />
				<line num="221"  count="7"  type="stmt" />
				<line num="223"  count="14"  type="stmt" />
				<line num="225"  count="3"  type="stmt" />
				<line num="227"  count="6"  type="stmt" />
				<line num="229"  count="96"  type="stmt" />
				<line num="232"  count="16"  type="stmt" />
				<line num="234"  count="16"  type="stmt" />
				<line num="256"  count="64"  type="stmt" />
				<line num="277"  count="96"  type="stmt" />
				<line num="305"  count="2"  type="stmt" />
			</file>
			<file name="Instructions.js"  path="/home/rainteller/r/awake/app/js/Instructions.js" >
				<metrics statements="5"  coveredstatements="4"  conditionals="31"  coveredconditionals="14"  methods="10"  coveredmethods="6" />
				<line num="1"  count="2"  type="cond"  truecount="5"  falsecount="3" />
				<line num="2"  count="2"  type="cond"  truecount="9"  falsecount="14" />
				<line num="4"  count="2"  type="stmt" />
				<line num="7"  count="0"  type="stmt" />
				<line num="64"  count="2"  type="stmt" />
			</file>
			<file name="Portion.js"  path="/home/rainteller/r/awake/app/js/Portion.js" >
				<metrics statements="11"  coveredstatements="11"  conditionals="71"  coveredconditionals="58"  methods="10"  coveredmethods="10" />
				<line num="1"  count="3"  type="cond"  truecount="5"  falsecount="3" />
				<line num="2"  count="41"  type="cond"  truecount="13"  falsecount="10" />
				<line num="5"  count="3"  type="stmt" />
				<line num="6"  count="41"  type="stmt" />
				<line num="7"  count="3"  type="stmt" />
				<line num="11"  count="73"  type="stmt" />
				<line num="12"  count="73"  type="stmt" />
				<line num="13"  count="73"  type="stmt" />
				<line num="14"  count="73"  type="stmt" />
				<line num="16"  count="73"  type="stmt" />
				<line num="60"  count="3"  type="stmt" />
			</file>
		</package>
		<package name="js.state" >
			<metrics statements="6"  coveredstatements="6"  conditionals="4"  coveredconditionals="3"  methods="2"  coveredmethods="2" />
			<file name="init.js"  path="/home/rainteller/r/awake/app/js/state/init.js" >
				<metrics statements="6"  coveredstatements="6"  conditionals="4"  coveredconditionals="3"  methods="2"  coveredmethods="2" />
				<line num="1"  count="2"  type="stmt" />
				<line num="2"  count="2"  type="cond"  truecount="3"  falsecount="1" />
				<line num="4"  count="8"  type="stmt" />
				<line num="6"  count="2"  type="stmt" />
				<line num="25"  count="2"  type="stmt" />
				<line num="45"  count="2"  type="stmt" />
			</file>
		</package>
		<package name="js.utils" >
			<metrics statements="108"  coveredstatements="84"  conditionals="36"  coveredconditionals="15"  methods="40"  coveredmethods="30" />
			<file name="acts.js"  path="/home/rainteller/r/awake/app/js/utils/acts.js" >
				<metrics statements="71"  coveredstatements="64"  conditionals="10"  coveredconditionals="6"  methods="27"  coveredmethods="24" />
				<line num="1"  count="2"  type="stmt" />
				<line num="2"  count="2"  type="cond"  truecount="3"  falsecount="1" />
				<line num="5"  count="2"  type="stmt" />
				<line num="6"  count="1"  type="stmt" />
				<line num="7"  count="1"  type="stmt" />
				<line num="11"  count="2"  type="stmt" />
				<line num="12"  count="1"  type="stmt" />
				<line num="13"  count="1"  type="stmt" />
				<line num="17"  count="2"  type="stmt" />
				<line num="18"  count="5"  type="cond"  truecount="1"  falsecount="1" />
				<line num="19"  count="0"  type="stmt" />
				<line num="21"  count="5"  type="stmt" />
				<line num="22"  count="5"  type="stmt" />
				<line num="27"  count="2"  type="stmt" />
				<line num="28"  count="2"  type="stmt" />
				<line num="29"  count="12"  type="stmt" />
				<line num="30"  count="12"  type="stmt" />
				<line num="32"  count="2"  type="stmt" />
				<line num="35"  count="2"  type="stmt" />
				<line num="36"  count="3"  type="stmt" />
				<line num="37"  count="18"  type="cond"  truecount="2"  falsecount="0" />
				<line num="38"  count="9"  type="stmt" />
				<line num="39"  count="18"  type="stmt" />
				<line num="41"  count="3"  type="stmt" />
				<line num="44"  count="2"  type="stmt" />
				<line num="45"  count="6"  type="stmt" />
				<line num="46"  count="1"  type="stmt" />
				<line num="50"  count="2"  type="stmt" />
				<line num="51"  count="30"  type="stmt" />
				<line num="52"  count="30"  type="stmt" />
				<line num="53"  count="30"  type="stmt" />
				<line num="54"  count="30"  type="stmt" />
				<line num="55"  count="30"  type="stmt" />
				<line num="56"  count="5"  type="stmt" />
				<line num="57"  count="5"  type="stmt" />
				<line num="58"  count="5"  type="stmt" />
				<line num="59"  count="5"  type="stmt" />
				<line num="61"  count="5"  type="stmt" />
				<line num="62"  count="20"  type="stmt" />
				<line num="63"  count="20"  type="stmt" />
				<line num="64"  count="20"  type="stmt" />
				<line num="65"  count="20"  type="stmt" />
				<line num="66"  count="20"  type="stmt" />
				<line num="69"  count="5"  type="stmt" />
				<line num="74"  count="2"  type="stmt" />
				<line num="75"  count="0"  type="stmt" />
				<line num="76"  count="0"  type="cond"  truecount="0"  falsecount="2" />
				<line num="77"  count="0"  type="stmt" />
				<line num="79"  count="0"  type="stmt" />
				<line num="82"  count="2"  type="stmt" />
				<line num="83"  count="6"  type="stmt" />
				<line num="84"  count="1"  type="stmt" />
				<line num="88"  count="2"  type="stmt" />
				<line num="89"  count="0"  type="stmt" />
				<line num="90"  count="0"  type="stmt" />
				<line num="94"  count="2"  type="stmt" />
				<line num="95"  count="1"  type="stmt" />
				<line num="96"  count="1"  type="stmt" />
				<line num="97"  count="1"  type="stmt" />
				<line num="98"  count="1"  type="stmt" />
				<line num="99"  count="1"  type="stmt" />
				<line num="103"  count="2"  type="stmt" />
				<line num="104"  count="1"  type="stmt" />
				<line num="106"  count="1"  type="stmt" />
				<line num="108"  count="1"  type="stmt" />
				<line num="112"  count="2"  type="stmt" />
				<line num="113"  count="4"  type="stmt" />
				<line num="114"  count="1"  type="stmt" />
				<line num="118"  count="2"  type="stmt" />
				<line num="119"  count="1"  type="stmt" />
				<line num="120"  count="2"  type="stmt" />
			</file>
			<file name="calc.js"  path="/home/rainteller/r/awake/app/js/utils/calc.js" >
				<metrics statements="21"  coveredstatements="6"  conditionals="10"  coveredconditionals="0"  methods="6"  coveredmethods="0" />
				<line num="1"  count="2"  type="stmt" />
				<line num="3"  count="2"  type="stmt" />
				<line num="4"  count="1"  type="stmt" />
				<line num="6"  count="0"  type="stmt" />
				<line num="8"  count="0"  type="cond"  truecount="0"  falsecount="5" />
				<line num="9"  count="0"  type="stmt" />
				<line num="10"  count="0"  type="stmt" />
				<line num="11"  count="0"  type="stmt" />
				<line num="12"  count="0"  type="stmt" />
				<line num="13"  count="0"  type="stmt" />
				<line num="16"  count="0"  type="stmt" />
				<line num="19"  count="2"  type="stmt" />
				<line num="20"  count="1"  type="stmt" />
				<line num="22"  count="0"  type="stmt" />
				<line num="24"  count="0"  type="cond"  truecount="0"  falsecount="5" />
				<line num="25"  count="0"  type="stmt" />
				<line num="26"  count="0"  type="stmt" />
				<line num="27"  count="0"  type="stmt" />
				<line num="28"  count="0"  type="stmt" />
				<line num="29"  count="0"  type="stmt" />
				<line num="32"  count="2"  type="stmt" />
			</file>
			<file name="fn.js"  path="/home/rainteller/r/awake/app/js/utils/fn.js" >
				<metrics statements="4"  coveredstatements="4"  conditionals="8"  coveredconditionals="4"  methods="2"  coveredmethods="1" />
				<line num="1"  count="2"  type="cond"  truecount="1"  falsecount="3" />
				<line num="2"  count="2"  type="stmt" />
				<line num="3"  count="2"  type="stmt" />
				<line num="4"  count="6"  type="cond"  truecount="3"  falsecount="1" />
			</file>
			<file name="winlose.js"  path="/home/rainteller/r/awake/app/js/utils/winlose.js" >
				<metrics statements="12"  coveredstatements="10"  conditionals="8"  coveredconditionals="5"  methods="5"  coveredmethods="5" />
				<line num="1"  count="2"  type="stmt" />
				<line num="2"  count="2"  type="cond"  truecount="3"  falsecount="1" />
				<line num="4"  count="2"  type="stmt" />
				<line num="5"  count="4"  type="stmt" />
				<line num="6"  count="1"  type="cond"  truecount="1"  falsecount="1" />
				<line num="7"  count="0"  type="stmt" />
				<line num="9"  count="1"  type="stmt" />
				<line num="12"  count="2"  type="stmt" />
				<line num="13"  count="4"  type="stmt" />
				<line num="14"  count="1"  type="cond"  truecount="1"  falsecount="1" />
				<line num="15"  count="0"  type="stmt" />
				<line num="17"  count="2"  type="stmt" />
			</file>
		</package>
	</project>
</coverage>
