{
"/home/rainteller/r/awake/app/js/Portion.js":{"path":"/home/rainteller/r/awake/app/js/Portion.js","s":{"1":3,"2":3,"3":3,"4":3,"5":3,"6":3,"7":3,"8":3,"9":3,"10":3,"11":3,"12":3,"13":3,"14":3,"15":0,"16":3,"17":3,"18":3,"19":3,"20":3,"21":3,"22":41,"23":0,"24":3,"25":41,"26":0,"27":41,"28":3,"29":3,"30":0,"31":3,"32":3,"33":3,"34":3,"35":3,"36":3,"37":41,"38":41,"39":3,"40":73,"41":73,"42":73,"43":73,"44":73,"45":73,"46":73,"47":73,"48":73,"49":73,"50":73,"51":73,"52":73,"53":73,"54":73,"55":73,"56":73,"57":73,"58":73,"59":73,"60":73,"61":73,"62":3,"63":3},"b":{"1":[3,3],"2":[3,0],"3":[3,0],"4":[0,3],"5":[0,3],"6":[3,3],"7":[0,41],"8":[0,41],"9":[0,41],"10":[41,0,0],"11":[0,3],"12":[3,0],"13":[3,3],"14":[3,0],"15":[3,0],"16":[10,63],"17":[73,13,13],"18":[10,63],"19":[73,13,13],"20":[24,49],"21":[24,49],"22":[1,72],"23":[73,1],"24":[1,72],"25":[73,1],"26":[21,52],"27":[73,21],"28":[21,52],"29":[73,21],"30":[2,71],"31":[73,5,5],"32":[2,71],"33":[73,5,5]},"f":{"1":3,"2":3,"3":3,"4":3,"5":41,"6":41,"7":3,"8":3,"9":41,"10":73},"fnMap":{"1":{"name":"(anonymous_1)","line":1,"loc":{"start":{"line":1,"column":121},"end":{"line":1,"column":133}}},"2":{"name":"defineProperties","line":1,"loc":{"start":{"line":1,"column":134},"end":{"line":1,"column":175}}},"3":{"name":"(anonymous_3)","line":1,"loc":{"start":{"line":1,"column":449},"end":{"line":1,"column":497}}},"4":{"name":"_interopRequireDefault","line":2,"loc":{"start":{"line":2,"column":128},"end":{"line":2,"column":165}}},"5":{"name":"_classCallCheck","line":2,"loc":{"start":{"line":2,"column":221},"end":{"line":2,"column":269}}},"6":{"name":"_possibleConstructorReturn","line":2,"loc":{"start":{"line":2,"column":370},"end":{"line":2,"column":418}}},"7":{"name":"_inherits","line":2,"loc":{"start":{"line":2,"column":605},"end":{"line":2,"column":646}}},"8":{"name":"(anonymous_8)","line":5,"loc":{"start":{"line":5,"column":10},"end":{"line":5,"column":38}}},"9":{"name":"Portion","line":6,"loc":{"start":{"line":6,"column":2},"end":{"line":6,"column":52}}},"10":{"name":"render","line":7,"loc":{"start":{"line":7,"column":60},"end":{"line":11,"column":4}}}},"statementMap":{"1":{"start":{"line":1,"column":40},"end":{"line":1,"column":102}},"2":{"start":{"line":1,"column":102},"end":{"line":1,"column":651}},"3":{"start":{"line":1,"column":134},"end":{"line":1,"column":442}},"4":{"start":{"line":1,"column":176},"end":{"line":1,"column":441}},"5":{"start":{"line":1,"column":216},"end":{"line":1,"column":242}},"6":{"start":{"line":1,"column":242},"end":{"line":1,"column":297}},"7":{"start":{"line":1,"column":297},"end":{"line":1,"column":328}},"8":{"start":{"line":1,"column":328},"end":{"line":1,"column":382}},"9":{"start":{"line":1,"column":355},"end":{"line":1,"column":382}},"10":{"start":{"line":1,"column":382},"end":{"line":1,"column":440}},"11":{"start":{"line":1,"column":442},"end":{"line":1,"column":647}},"12":{"start":{"line":1,"column":498},"end":{"line":1,"column":566}},"13":{"start":{"line":1,"column":514},"end":{"line":1,"column":566}},"14":{"start":{"line":1,"column":566},"end":{"line":1,"column":626}},"15":{"start":{"line":1,"column":583},"end":{"line":1,"column":626}},"16":{"start":{"line":1,"column":626},"end":{"line":1,"column":645}},"17":{"start":{"line":2,"column":0},"end":{"line":2,"column":56}},"18":{"start":{"line":2,"column":83},"end":{"line":2,"column":128}},"19":{"start":{"line":2,"column":128},"end":{"line":2,"column":221}},"20":{"start":{"line":2,"column":166},"end":{"line":2,"column":220}},"21":{"start":{"line":2,"column":221},"end":{"line":2,"column":370}},"22":{"start":{"line":2,"column":270},"end":{"line":2,"column":369}},"23":{"start":{"line":2,"column":311},"end":{"line":2,"column":368}},"24":{"start":{"line":2,"column":370},"end":{"line":2,"column":605}},"25":{"start":{"line":2,"column":419},"end":{"line":2,"column":518}},"26":{"start":{"line":2,"column":431},"end":{"line":2,"column":517}},"27":{"start":{"line":2,"column":518},"end":{"line":2,"column":604}},"28":{"start":{"line":2,"column":605},"end":{"line":2,"column":1093}},"29":{"start":{"line":2,"column":647},"end":{"line":2,"column":810}},"30":{"start":{"line":2,"column":709},"end":{"line":2,"column":809}},"31":{"start":{"line":2,"column":810},"end":{"line":2,"column":974}},"32":{"start":{"line":2,"column":974},"end":{"line":2,"column":1092}},"33":{"start":{"line":2,"column":990},"end":{"line":2,"column":1092}},"34":{"start":{"line":2,"column":1093},"end":{"line":60,"column":555}},"35":{"start":{"line":5,"column":39},"end":{"line":5,"column":76}},"36":{"start":{"line":6,"column":2},"end":{"line":7,"column":13}},"37":{"start":{"line":6,"column":79},"end":{"line":6,"column":110}},"38":{"start":{"line":6,"column":110},"end":{"line":7,"column":12}},"39":{"start":{"line":7,"column":13},"end":{"line":60,"column":484}},"40":{"start":{"line":11,"column":31},"end":{"line":12,"column":17}},"41":{"start":{"line":12,"column":44},"end":{"line":12,"column":67}},"42":{"start":{"line":12,"column":94},"end":{"line":12,"column":113}},"43":{"start":{"line":12,"column":140},"end":{"line":12,"column":159}},"44":{"start":{"line":12,"column":186},"end":{"line":12,"column":219}},"45":{"start":{"line":12,"column":246},"end":{"line":12,"column":291}},"46":{"start":{"line":12,"column":318},"end":{"line":12,"column":353}},"47":{"start":{"line":12,"column":380},"end":{"line":12,"column":411}},"48":{"start":{"line":12,"column":438},"end":{"line":12,"column":465}},"49":{"start":{"line":12,"column":492},"end":{"line":12,"column":525}},"50":{"start":{"line":12,"column":552},"end":{"line":12,"column":583}},"51":{"start":{"line":12,"column":610},"end":{"line":13,"column":31}},"52":{"start":{"line":13,"column":58},"end":{"line":13,"column":97}},"53":{"start":{"line":13,"column":124},"end":{"line":13,"column":169}},"54":{"start":{"line":13,"column":196},"end":{"line":13,"column":253}},"55":{"start":{"line":13,"column":280},"end":{"line":13,"column":315}},"56":{"start":{"line":13,"column":342},"end":{"line":14,"column":17}},"57":{"start":{"line":14,"column":44},"end":{"line":14,"column":76}},"58":{"start":{"line":14,"column":103},"end":{"line":14,"column":129}},"59":{"start":{"line":14,"column":156},"end":{"line":14,"column":196}},"60":{"start":{"line":14,"column":223},"end":{"line":14,"column":247}},"61":{"start":{"line":16,"column":6},"end":{"line":60,"column":478}},"62":{"start":{"line":60,"column":484},"end":{"line":60,"column":499}},"63":{"start":{"line":60,"column":582},"end":{"line":70,"column":8}}},"branchMap":{"1":{"line":1,"type":"binary-expr","locations":[{"start":{"line":1,"column":266},"end":{"line":1,"column":287}},{"start":{"line":1,"column":291},"end":{"line":1,"column":296}}]},"2":{"line":1,"type":"if","locations":[{"start":{"line":1,"column":328},"end":{"line":1,"column":328}},{"start":{"line":1,"column":328},"end":{"line":1,"column":328}}]},"3":{"line":1,"type":"if","locations":[{"start":{"line":1,"column":498},"end":{"line":1,"column":498}},{"start":{"line":1,"column":498},"end":{"line":1,"column":498}}]},"4":{"line":1,"type":"if","locations":[{"start":{"line":1,"column":566},"end":{"line":1,"column":566}},{"start":{"line":1,"column":566},"end":{"line":1,"column":566}}]},"5":{"line":2,"type":"cond-expr","locations":[{"start":{"line":2,"column":197},"end":{"line":2,"column":200}},{"start":{"line":2,"column":203},"end":{"line":2,"column":219}}]},"6":{"line":2,"type":"binary-expr","locations":[{"start":{"line":2,"column":173},"end":{"line":2,"column":176}},{"start":{"line":2,"column":180},"end":{"line":2,"column":194}}]},"7":{"line":2,"type":"if","locations":[{"start":{"line":2,"column":270},"end":{"line":2,"column":270}},{"start":{"line":2,"column":270},"end":{"line":2,"column":270}}]},"8":{"line":2,"type":"if","locations":[{"start":{"line":2,"column":419},"end":{"line":2,"column":419}},{"start":{"line":2,"column":419},"end":{"line":2,"column":419}}]},"9":{"line":2,"type":"cond-expr","locations":[{"start":{"line":2,"column":592},"end":{"line":2,"column":596}},{"start":{"line":2,"column":599},"end":{"line":2,"column":603}}]},"10":{"line":2,"type":"binary-expr","locations":[{"start":{"line":2,"column":525},"end":{"line":2,"column":529}},{"start":{"line":2,"column":534},"end":{"line":2,"column":558}},{"start":{"line":2,"column":562},"end":{"line":2,"column":588}}]},"11":{"line":2,"type":"if","locations":[{"start":{"line":2,"column":647},"end":{"line":2,"column":647}},{"start":{"line":2,"column":647},"end":{"line":2,"column":647}}]},"12":{"line":2,"type":"binary-expr","locations":[{"start":{"line":2,"column":651},"end":{"line":2,"column":683}},{"start":{"line":2,"column":687},"end":{"line":2,"column":706}}]},"13":{"line":2,"type":"binary-expr","locations":[{"start":{"line":2,"column":845},"end":{"line":2,"column":855}},{"start":{"line":2,"column":859},"end":{"line":2,"column":879}}]},"14":{"line":2,"type":"if","locations":[{"start":{"line":2,"column":974},"end":{"line":2,"column":974}},{"start":{"line":2,"column":974},"end":{"line":2,"column":974}}]},"15":{"line":2,"type":"cond-expr","locations":[{"start":{"line":2,"column":1014},"end":{"line":2,"column":1057}},{"start":{"line":2,"column":1060},"end":{"line":2,"column":1091}}]},"16":{"line":28,"type":"cond-expr","locations":[{"start":{"line":28,"column":62},"end":{"line":28,"column":77}},{"start":{"line":28,"column":80},"end":{"line":28,"column":86}}]},"17":{"line":28,"type":"binary-expr","locations":[{"start":{"line":28,"column":21},"end":{"line":28,"column":29}},{"start":{"line":28,"column":33},"end":{"line":28,"column":39}},{"start":{"line":28,"column":43},"end":{"line":28,"column":59}}]},"18":{"line":29,"type":"cond-expr","locations":[{"start":{"line":29,"column":60},"end":{"line":29,"column":68}},{"start":{"line":29,"column":71},"end":{"line":29,"column":75}}]},"19":{"line":29,"type":"binary-expr","locations":[{"start":{"line":29,"column":19},"end":{"line":29,"column":27}},{"start":{"line":29,"column":31},"end":{"line":29,"column":37}},{"start":{"line":29,"column":41},"end":{"line":29,"column":57}}]},"20":{"line":32,"type":"cond-expr","locations":[{"start":{"line":32,"column":155},"end":{"line":32,"column":161}},{"start":{"line":32,"column":164},"end":{"line":32,"column":166}}]},"21":{"line":32,"type":"cond-expr","locations":[{"start":{"line":32,"column":188},"end":{"line":32,"column":194}},{"start":{"line":32,"column":197},"end":{"line":32,"column":199}}]},"22":{"line":37,"type":"cond-expr","locations":[{"start":{"line":37,"column":52},"end":{"line":37,"column":69}},{"start":{"line":37,"column":72},"end":{"line":37,"column":79}}]},"23":{"line":37,"type":"binary-expr","locations":[{"start":{"line":37,"column":21},"end":{"line":37,"column":30}},{"start":{"line":37,"column":34},"end":{"line":37,"column":49}}]},"24":{"line":38,"type":"cond-expr","locations":[{"start":{"line":38,"column":50},"end":{"line":38,"column":62}},{"start":{"line":38,"column":65},"end":{"line":38,"column":69}}]},"25":{"line":38,"type":"binary-expr","locations":[{"start":{"line":38,"column":19},"end":{"line":38,"column":28}},{"start":{"line":38,"column":32},"end":{"line":38,"column":47}}]},"26":{"line":47,"type":"cond-expr","locations":[{"start":{"line":47,"column":43},"end":{"line":47,"column":57}},{"start":{"line":47,"column":60},"end":{"line":47,"column":67}}]},"27":{"line":47,"type":"binary-expr","locations":[{"start":{"line":47,"column":21},"end":{"line":47,"column":27}},{"start":{"line":47,"column":31},"end":{"line":47,"column":40}}]},"28":{"line":48,"type":"cond-expr","locations":[{"start":{"line":48,"column":41},"end":{"line":48,"column":46}},{"start":{"line":48,"column":49},"end":{"line":48,"column":53}}]},"29":{"line":48,"type":"binary-expr","locations":[{"start":{"line":48,"column":19},"end":{"line":48,"column":25}},{"start":{"line":48,"column":29},"end":{"line":48,"column":38}}]},"30":{"line":58,"type":"cond-expr","locations":[{"start":{"line":58,"column":59},"end":{"line":58,"column":74}},{"start":{"line":58,"column":77},"end":{"line":58,"column":83}}]},"31":{"line":58,"type":"binary-expr","locations":[{"start":{"line":58,"column":21},"end":{"line":58,"column":29}},{"start":{"line":58,"column":33},"end":{"line":58,"column":37}},{"start":{"line":58,"column":41},"end":{"line":58,"column":56}}]},"32":{"line":59,"type":"cond-expr","locations":[{"start":{"line":59,"column":57},"end":{"line":59,"column":61}},{"start":{"line":59,"column":64},"end":{"line":59,"column":68}}]},"33":{"line":59,"type":"binary-expr","locations":[{"start":{"line":59,"column":19},"end":{"line":59,"column":27}},{"start":{"line":59,"column":31},"end":{"line":59,"column":35}},{"start":{"line":59,"column":39},"end":{"line":59,"column":54}}]}},"l":{"1":3,"2":41,"5":3,"6":41,"7":3,"11":73,"12":73,"13":73,"14":73,"16":73,"60":3}},
"/home/rainteller/r/awake/app/js/Awake.js":{"path":"/home/rainteller/r/awake/app/js/Awake.js","s":{"1":1,"2":1,"3":1,"4":1,"5":1,"6":1,"7":1,"8":1,"9":1,"10":1,"11":1,"12":1,"13":1,"14":1,"15":0,"16":1,"17":1,"18":1,"19":1,"20":1,"21":1,"22":2,"23":1,"24":1,"25":0,"26":1,"27":1,"28":0,"29":1,"30":1,"31":1,"32":0,"33":1,"34":1,"35":1,"36":1,"37":1,"38":1,"39":1,"40":1,"41":1,"42":1,"43":1,"44":1},"b":{"1":[1,1],"2":[1,0],"3":[1,0],"4":[0,1],"5":[1,1],"6":[2,2],"7":[0,1],"8":[0,1],"9":[0,1],"10":[1,0,0],"11":[0,1],"12":[1,0],"13":[1,1],"14":[1,0],"15":[1,0]},"f":{"1":1,"2":1,"3":1,"4":2,"5":1,"6":1,"7":1,"8":1,"9":1,"10":1},"fnMap":{"1":{"name":"(anonymous_1)","line":1,"loc":{"start":{"line":1,"column":120},"end":{"line":1,"column":132}}},"2":{"name":"defineProperties","line":1,"loc":{"start":{"line":1,"column":133},"end":{"line":1,"column":174}}},"3":{"name":"(anonymous_3)","line":1,"loc":{"start":{"line":1,"column":448},"end":{"line":1,"column":496}}},"4":{"name":"_interopRequireDefault","line":2,"loc":{"start":{"line":2,"column":153},"end":{"line":2,"column":190}}},"5":{"name":"_classCallCheck","line":2,"loc":{"start":{"line":2,"column":246},"end":{"line":2,"column":294}}},"6":{"name":"_possibleConstructorReturn","line":2,"loc":{"start":{"line":2,"column":395},"end":{"line":2,"column":443}}},"7":{"name":"_inherits","line":2,"loc":{"start":{"line":2,"column":630},"end":{"line":2,"column":671}}},"8":{"name":"(anonymous_8)","line":4,"loc":{"start":{"line":4,"column":6},"end":{"line":4,"column":28}}},"9":{"name":"App","line":4,"loc":{"start":{"line":4,"column":56},"end":{"line":4,"column":71}}},"10":{"name":"render","line":4,"loc":{"start":{"line":4,"column":234},"end":{"line":5,"column":4}}}},"statementMap":{"1":{"start":{"line":1,"column":39},"end":{"line":1,"column":101},"skip":true},"2":{"start":{"line":1,"column":101},"end":{"line":1,"column":650}},"3":{"start":{"line":1,"column":133},"end":{"line":1,"column":441}},"4":{"start":{"line":1,"column":175},"end":{"line":1,"column":440}},"5":{"start":{"line":1,"column":215},"end":{"line":1,"column":241}},"6":{"start":{"line":1,"column":241},"end":{"line":1,"column":296}},"7":{"start":{"line":1,"column":296},"end":{"line":1,"column":327}},"8":{"start":{"line":1,"column":327},"end":{"line":1,"column":381}},"9":{"start":{"line":1,"column":354},"end":{"line":1,"column":381}},"10":{"start":{"line":1,"column":381},"end":{"line":1,"column":439}},"11":{"start":{"line":1,"column":441},"end":{"line":1,"column":646}},"12":{"start":{"line":1,"column":497},"end":{"line":1,"column":565}},"13":{"start":{"line":1,"column":513},"end":{"line":1,"column":565}},"14":{"start":{"line":1,"column":565},"end":{"line":1,"column":625}},"15":{"start":{"line":1,"column":582},"end":{"line":1,"column":625}},"16":{"start":{"line":1,"column":625},"end":{"line":1,"column":644}},"17":{"start":{"line":1,"column":650},"end":{"line":1,"column":706}},"18":{"start":{"line":1,"column":733},"end":{"line":1,"column":778}},"19":{"start":{"line":2,"column":0},"end":{"line":2,"column":71}},"20":{"start":{"line":2,"column":98},"end":{"line":2,"column":153}},"21":{"start":{"line":2,"column":153},"end":{"line":2,"column":246}},"22":{"start":{"line":2,"column":191},"end":{"line":2,"column":245}},"23":{"start":{"line":2,"column":246},"end":{"line":2,"column":395}},"24":{"start":{"line":2,"column":295},"end":{"line":2,"column":394}},"25":{"start":{"line":2,"column":336},"end":{"line":2,"column":393}},"26":{"start":{"line":2,"column":395},"end":{"line":2,"column":630}},"27":{"start":{"line":2,"column":444},"end":{"line":2,"column":543}},"28":{"start":{"line":2,"column":456},"end":{"line":2,"column":542}},"29":{"start":{"line":2,"column":543},"end":{"line":2,"column":629}},"30":{"start":{"line":2,"column":630},"end":{"line":2,"column":1118}},"31":{"start":{"line":2,"column":672},"end":{"line":2,"column":835}},"32":{"start":{"line":2,"column":734},"end":{"line":2,"column":834}},"33":{"start":{"line":2,"column":835},"end":{"line":2,"column":999}},"34":{"start":{"line":2,"column":999},"end":{"line":2,"column":1117}},"35":{"start":{"line":2,"column":1015},"end":{"line":2,"column":1117}},"36":{"start":{"line":2,"column":1118},"end":{"line":8,"column":184}},"37":{"start":{"line":4,"column":29},"end":{"line":4,"column":56}},"38":{"start":{"line":4,"column":56},"end":{"line":4,"column":191}},"39":{"start":{"line":4,"column":72},"end":{"line":4,"column":99}},"40":{"start":{"line":4,"column":99},"end":{"line":4,"column":190}},"41":{"start":{"line":4,"column":191},"end":{"line":8,"column":153}},"42":{"start":{"line":6,"column":6},"end":{"line":8,"column":147}},"43":{"start":{"line":8,"column":153},"end":{"line":8,"column":164},"skip":true},"44":{"start":{"line":8,"column":211},"end":{"line":8,"column":233}}},"branchMap":{"1":{"line":1,"type":"binary-expr","locations":[{"start":{"line":1,"column":265},"end":{"line":1,"column":286}},{"start":{"line":1,"column":290},"end":{"line":1,"column":295}}]},"2":{"line":1,"type":"if","locations":[{"start":{"line":1,"column":327},"end":{"line":1,"column":327}},{"start":{"line":1,"column":327},"end":{"line":1,"column":327}}]},"3":{"line":1,"type":"if","locations":[{"start":{"line":1,"column":497},"end":{"line":1,"column":497}},{"start":{"line":1,"column":497},"end":{"line":1,"column":497}}]},"4":{"line":1,"type":"if","locations":[{"start":{"line":1,"column":565},"end":{"line":1,"column":565}},{"start":{"line":1,"column":565},"end":{"line":1,"column":565}}]},"5":{"line":2,"type":"cond-expr","locations":[{"start":{"line":2,"column":222},"end":{"line":2,"column":225}},{"start":{"line":2,"column":228},"end":{"line":2,"column":244}}]},"6":{"line":2,"type":"binary-expr","locations":[{"start":{"line":2,"column":198},"end":{"line":2,"column":201}},{"start":{"line":2,"column":205},"end":{"line":2,"column":219}}]},"7":{"line":2,"type":"if","locations":[{"start":{"line":2,"column":295},"end":{"line":2,"column":295}},{"start":{"line":2,"column":295},"end":{"line":2,"column":295}}]},"8":{"line":2,"type":"if","locations":[{"start":{"line":2,"column":444},"end":{"line":2,"column":444}},{"start":{"line":2,"column":444},"end":{"line":2,"column":444}}]},"9":{"line":2,"type":"cond-expr","locations":[{"start":{"line":2,"column":617},"end":{"line":2,"column":621}},{"start":{"line":2,"column":624},"end":{"line":2,"column":628}}]},"10":{"line":2,"type":"binary-expr","locations":[{"start":{"line":2,"column":550},"end":{"line":2,"column":554}},{"start":{"line":2,"column":559},"end":{"line":2,"column":583}},{"start":{"line":2,"column":587},"end":{"line":2,"column":613}}]},"11":{"line":2,"type":"if","locations":[{"start":{"line":2,"column":672},"end":{"line":2,"column":672}},{"start":{"line":2,"column":672},"end":{"line":2,"column":672}}]},"12":{"line":2,"type":"binary-expr","locations":[{"start":{"line":2,"column":676},"end":{"line":2,"column":708}},{"start":{"line":2,"column":712},"end":{"line":2,"column":731}}]},"13":{"line":2,"type":"binary-expr","locations":[{"start":{"line":2,"column":870},"end":{"line":2,"column":880}},{"start":{"line":2,"column":884},"end":{"line":2,"column":904}}]},"14":{"line":2,"type":"if","locations":[{"start":{"line":2,"column":999},"end":{"line":2,"column":999}},{"start":{"line":2,"column":999},"end":{"line":2,"column":999}}]},"15":{"line":2,"type":"cond-expr","locations":[{"start":{"line":2,"column":1039},"end":{"line":2,"column":1082}},{"start":{"line":2,"column":1085},"end":{"line":2,"column":1116}}]}},"l":{"1":1,"2":2,"4":1,"6":1,"8":1}},
"/home/rainteller/r/awake/app/js/GameScreen.js":{"path":"/home/rainteller/r/awake/app/js/GameScreen.js","s":{"1":2,"2":2,"3":0,"4":0,"5":0,"6":0,"7":0,"8":0,"9":2,"10":2,"11":2,"12":18,"13":18,"14":18,"15":18,"16":18,"17":18,"18":2,"19":2,"20":2,"21":2,"22":0,"23":2,"24":2,"25":2,"26":2,"27":2,"28":2,"29":2,"30":2,"31":2,"32":2,"33":2,"34":2,"35":2,"36":10,"37":2,"38":6,"39":6,"40":36,"41":6,"42":0,"43":2,"44":8,"45":0,"46":2,"47":8,"48":0,"49":8,"50":2,"51":2,"52":0,"53":2,"54":2,"55":2,"56":2,"57":2,"58":2,"59":8,"60":8,"61":8,"62":8,"63":8,"64":8,"65":8,"66":8,"67":8,"68":8,"69":8,"70":8,"71":2,"72":1,"73":1,"74":1,"75":1,"76":1,"77":1,"78":3,"79":3,"80":3,"81":3,"82":3,"83":3,"84":3,"85":3,"86":3,"87":1,"88":1,"89":1,"90":1,"91":1,"92":1,"93":1,"94":1,"95":1,"96":1,"97":1,"98":1,"99":1,"100":1,"101":4,"102":1,"103":1,"104":1,"105":0,"106":0,"107":0,"108":1,"109":0,"110":0,"111":0,"112":1,"113":0,"114":0,"115":0,"116":0,"117":0,"118":0,"119":0,"120":0,"121":0,"122":0,"123":0,"124":0,"125":0,"126":0,"127":0,"128":0,"129":0,"130":0,"131":0,"132":0,"133":0,"134":0,"135":0,"136":0,"137":0,"138":0,"139":0,"140":0,"141":0,"142":0,"143":0,"144":0,"145":0,"146":0,"147":0,"148":0,"149":0,"150":0,"151":0,"152":0,"153":16,"154":16,"155":96,"156":96,"157":72,"158":72,"159":0,"160":24,"161":96,"162":7,"163":7,"164":14,"165":14,"166":3,"167":3,"168":6,"169":6,"170":96,"171":16,"172":96,"173":96,"174":7,"175":7,"176":14,"177":14,"178":3,"179":3,"180":6,"181":6,"182":96,"183":16,"184":16,"185":64,"186":96,"187":2,"188":2},"b":{"1":[2,0],"2":[0,0],"3":[18,18],"4":[18,0],"5":[2,0],"6":[0,2],"7":[8,2],"8":[10,10],"9":[6,0],"10":[0,8],"11":[0,8],"12":[0,8],"13":[8,0,0],"14":[0,2],"15":[2,0],"16":[2,2],"17":[2,0],"18":[2,0],"19":[0,1],"20":[0,1],"21":[0,0],"22":[72,24],"23":[72,0],"24":[24,0],"25":[7,14,3,6],"26":[7,14,3,6],"27":[1,15],"28":[96,0],"29":[1,15],"30":[1,15]},"f":{"1":0,"2":2,"3":2,"4":2,"5":10,"6":6,"7":8,"8":8,"9":2,"10":2,"11":8,"12":1,"13":3,"14":3,"15":1,"16":1,"17":4,"18":0,"19":0,"20":0,"21":0,"22":0,"23":0,"24":16,"25":96,"26":96,"27":64,"28":96},"fnMap":{"1":{"name":"(anonymous_1)","line":1,"loc":{"start":{"line":1,"column":134},"end":{"line":1,"column":152}}},"2":{"name":"(anonymous_2)","line":1,"loc":{"start":{"line":1,"column":368},"end":{"line":1,"column":380}}},"3":{"name":"defineProperties","line":1,"loc":{"start":{"line":1,"column":381},"end":{"line":1,"column":422}}},"4":{"name":"(anonymous_4)","line":1,"loc":{"start":{"line":1,"column":696},"end":{"line":1,"column":744}}},"5":{"name":"_interopRequireDefault","line":8,"loc":{"start":{"line":8,"column":161},"end":{"line":8,"column":198}}},"6":{"name":"_toConsumableArray","line":8,"loc":{"start":{"line":8,"column":254},"end":{"line":8,"column":287}}},"7":{"name":"_classCallCheck","line":8,"loc":{"start":{"line":8,"column":440},"end":{"line":8,"column":488}}},"8":{"name":"_possibleConstructorReturn","line":8,"loc":{"start":{"line":8,"column":589},"end":{"line":8,"column":637}}},"9":{"name":"_inherits","line":8,"loc":{"start":{"line":8,"column":824},"end":{"line":8,"column":865}}},"10":{"name":"(anonymous_10)","line":10,"loc":{"start":{"line":10,"column":13},"end":{"line":10,"column":41}}},"11":{"name":"GameScreen","line":11,"loc":{"start":{"line":11,"column":2},"end":{"line":11,"column":55}}},"12":{"name":"startGame","line":29,"loc":{"start":{"line":29,"column":68},"end":{"line":30,"column":4}}},"13":{"name":"switchRollable","line":39,"loc":{"start":{"line":39,"column":69},"end":{"line":42,"column":7}}},"14":{"name":"rollAgain","line":48,"loc":{"start":{"line":48,"column":129},"end":{"line":51,"column":4}}},"15":{"name":"finishTurn","line":58,"loc":{"start":{"line":58,"column":65},"end":{"line":61,"column":4}}},"16":{"name":"(anonymous_16)","line":75,"loc":{"start":{"line":75,"column":33},"end":{"line":75,"column":45}}},"17":{"name":"randomHp","line":76,"loc":{"start":{"line":76,"column":23},"end":{"line":76,"column":69}}},"18":{"name":"moveHero","line":114,"loc":{"start":{"line":114,"column":63},"end":{"line":115,"column":7}}},"19":{"name":"(anonymous_19)","line":122,"loc":{"start":{"line":122,"column":29},"end":{"line":122,"column":48}}},"20":{"name":"addHp","line":134,"loc":{"start":{"line":134,"column":60},"end":{"line":137,"column":7}}},"21":{"name":"removeDoubts","line":151,"loc":{"start":{"line":151,"column":67},"end":{"line":154,"column":7}}},"22":{"name":"feed","line":168,"loc":{"start":{"line":168,"column":59},"end":{"line":171,"column":7}}},"23":{"name":"(anonymous_23)","line":177,"loc":{"start":{"line":177,"column":29},"end":{"line":177,"column":48}}},"24":{"name":"render","line":188,"loc":{"start":{"line":188,"column":61},"end":{"line":191,"column":4}}},"25":{"name":"rollable_className","line":192,"loc":{"start":{"line":192,"column":31},"end":{"line":192,"column":64}}},"26":{"name":"rollable_dieSide","line":217,"loc":{"start":{"line":217,"column":29},"end":{"line":217,"column":61}}},"27":{"name":"(anonymous_27)","line":255,"loc":{"start":{"line":255,"column":32},"end":{"line":255,"column":51}}},"28":{"name":"(anonymous_28)","line":276,"loc":{"start":{"line":276,"column":28},"end":{"line":276,"column":43}}}},"statementMap":{"1":{"start":{"line":1,"column":40},"end":{"line":1,"column":102}},"2":{"start":{"line":1,"column":102},"end":{"line":1,"column":349}},"3":{"start":{"line":1,"column":153},"end":{"line":1,"column":333}},"4":{"start":{"line":1,"column":197},"end":{"line":1,"column":223}},"5":{"start":{"line":1,"column":223},"end":{"line":1,"column":332}},"6":{"start":{"line":1,"column":248},"end":{"line":1,"column":331}},"7":{"start":{"line":1,"column":304},"end":{"line":1,"column":330}},"8":{"start":{"line":1,"column":333},"end":{"line":1,"column":347}},"9":{"start":{"line":1,"column":349},"end":{"line":1,"column":898}},"10":{"start":{"line":1,"column":381},"end":{"line":1,"column":689}},"11":{"start":{"line":1,"column":423},"end":{"line":1,"column":688}},"12":{"start":{"line":1,"column":463},"end":{"line":1,"column":489}},"13":{"start":{"line":1,"column":489},"end":{"line":1,"column":544}},"14":{"start":{"line":1,"column":544},"end":{"line":1,"column":575}},"15":{"start":{"line":1,"column":575},"end":{"line":1,"column":629}},"16":{"start":{"line":1,"column":602},"end":{"line":1,"column":629}},"17":{"start":{"line":1,"column":629},"end":{"line":1,"column":687}},"18":{"start":{"line":1,"column":689},"end":{"line":1,"column":894}},"19":{"start":{"line":1,"column":745},"end":{"line":1,"column":813}},"20":{"start":{"line":1,"column":761},"end":{"line":1,"column":813}},"21":{"start":{"line":1,"column":813},"end":{"line":1,"column":873}},"22":{"start":{"line":1,"column":830},"end":{"line":1,"column":873}},"23":{"start":{"line":1,"column":873},"end":{"line":1,"column":892}},"24":{"start":{"line":3,"column":0},"end":{"line":3,"column":56}},"25":{"start":{"line":3,"column":83},"end":{"line":3,"column":128}},"26":{"start":{"line":4,"column":0},"end":{"line":4,"column":58}},"27":{"start":{"line":5,"column":0},"end":{"line":5,"column":65}},"28":{"start":{"line":5,"column":92},"end":{"line":5,"column":135}},"29":{"start":{"line":6,"column":0},"end":{"line":6,"column":61}},"30":{"start":{"line":6,"column":88},"end":{"line":6,"column":127}},"31":{"start":{"line":7,"column":0},"end":{"line":7,"column":65}},"32":{"start":{"line":7,"column":92},"end":{"line":7,"column":141}},"33":{"start":{"line":8,"column":0},"end":{"line":8,"column":75}},"34":{"start":{"line":8,"column":102},"end":{"line":8,"column":161}},"35":{"start":{"line":8,"column":161},"end":{"line":8,"column":254}},"36":{"start":{"line":8,"column":199},"end":{"line":8,"column":253}},"37":{"start":{"line":8,"column":254},"end":{"line":8,"column":440}},"38":{"start":{"line":8,"column":288},"end":{"line":8,"column":439}},"39":{"start":{"line":8,"column":313},"end":{"line":8,"column":395}},"40":{"start":{"line":8,"column":377},"end":{"line":8,"column":394}},"41":{"start":{"line":8,"column":395},"end":{"line":8,"column":407}},"42":{"start":{"line":8,"column":415},"end":{"line":8,"column":438}},"43":{"start":{"line":8,"column":440},"end":{"line":8,"column":589}},"44":{"start":{"line":8,"column":489},"end":{"line":8,"column":588}},"45":{"start":{"line":8,"column":530},"end":{"line":8,"column":587}},"46":{"start":{"line":8,"column":589},"end":{"line":8,"column":824}},"47":{"start":{"line":8,"column":638},"end":{"line":8,"column":737}},"48":{"start":{"line":8,"column":650},"end":{"line":8,"column":736}},"49":{"start":{"line":8,"column":737},"end":{"line":8,"column":823}},"50":{"start":{"line":8,"column":824},"end":{"line":8,"column":1312}},"51":{"start":{"line":8,"column":866},"end":{"line":8,"column":1029}},"52":{"start":{"line":8,"column":928},"end":{"line":8,"column":1028}},"53":{"start":{"line":8,"column":1029},"end":{"line":8,"column":1193}},"54":{"start":{"line":8,"column":1193},"end":{"line":8,"column":1311}},"55":{"start":{"line":8,"column":1209},"end":{"line":8,"column":1311}},"56":{"start":{"line":9,"column":0},"end":{"line":305,"column":229}},"57":{"start":{"line":10,"column":42},"end":{"line":10,"column":82}},"58":{"start":{"line":11,"column":2},"end":{"line":26,"column":160}},"59":{"start":{"line":11,"column":82},"end":{"line":11,"column":116}},"60":{"start":{"line":15,"column":4},"end":{"line":15,"column":102}},"61":{"start":{"line":15,"column":129},"end":{"line":15,"column":238}},"62":{"start":{"line":17,"column":30},"end":{"line":17,"column":129}},"63":{"start":{"line":18,"column":30},"end":{"line":18,"column":139},"skip":true},"64":{"start":{"line":19,"column":30},"end":{"line":19,"column":129},"skip":true},"65":{"start":{"line":20,"column":30},"end":{"line":20,"column":131},"skip":true},"66":{"start":{"line":23,"column":30},"end":{"line":23,"column":127},"skip":true},"67":{"start":{"line":24,"column":30},"end":{"line":24,"column":121},"skip":true},"68":{"start":{"line":25,"column":30},"end":{"line":25,"column":135},"skip":true},"69":{"start":{"line":26,"column":30},"end":{"line":26,"column":119},"skip":true},"70":{"start":{"line":26,"column":146},"end":{"line":26,"column":159},"skip":true},"71":{"start":{"line":29,"column":15},"end":{"line":305,"column":155}},"72":{"start":{"line":31,"column":6},"end":{"line":31,"column":73}},"73":{"start":{"line":34,"column":6},"end":{"line":34,"column":87}},"74":{"start":{"line":35,"column":6},"end":{"line":35,"column":86}},"75":{"start":{"line":36,"column":6},"end":{"line":36,"column":104}},"76":{"start":{"line":37,"column":6},"end":{"line":37,"column":87}},"77":{"start":{"line":39,"column":6},"end":{"line":39,"column":32}},"78":{"start":{"line":43,"column":6},"end":{"line":43,"column":94}},"79":{"start":{"line":44,"column":6},"end":{"line":44,"column":55}},"80":{"start":{"line":46,"column":6},"end":{"line":46,"column":61}},"81":{"start":{"line":48,"column":6},"end":{"line":48,"column":97}},"82":{"start":{"line":52,"column":6},"end":{"line":52,"column":73}},"83":{"start":{"line":54,"column":6},"end":{"line":54,"column":90}},"84":{"start":{"line":55,"column":6},"end":{"line":55,"column":88}},"85":{"start":{"line":56,"column":6},"end":{"line":56,"column":104}},"86":{"start":{"line":58,"column":6},"end":{"line":58,"column":32}},"87":{"start":{"line":61,"column":31},"end":{"line":61,"column":49}},"88":{"start":{"line":62,"column":6},"end":{"line":62,"column":73}},"89":{"start":{"line":64,"column":6},"end":{"line":64,"column":87}},"90":{"start":{"line":65,"column":6},"end":{"line":65,"column":90}},"91":{"start":{"line":66,"column":6},"end":{"line":66,"column":88}},"92":{"start":{"line":67,"column":6},"end":{"line":67,"column":86}},"93":{"start":{"line":68,"column":6},"end":{"line":68,"column":104}},"94":{"start":{"line":69,"column":6},"end":{"line":69,"column":91}},"95":{"start":{"line":70,"column":6},"end":{"line":70,"column":95}},"96":{"start":{"line":71,"column":6},"end":{"line":71,"column":92}},"97":{"start":{"line":72,"column":6},"end":{"line":72,"column":116}},"98":{"start":{"line":73,"column":6},"end":{"line":73,"column":98}},"99":{"start":{"line":75,"column":6},"end":{"line":110,"column":18}},"100":{"start":{"line":76,"column":8},"end":{"line":76,"column":95}},"101":{"start":{"line":76,"column":70},"end":{"line":76,"column":93},"skip":true},"102":{"start":{"line":78,"column":8},"end":{"line":94,"column":22}},"103":{"start":{"line":97,"column":8},"end":{"line":97,"column":103}},"104":{"start":{"line":99,"column":8},"end":{"line":102,"column":18}},"105":{"start":{"line":100,"column":10},"end":{"line":100,"column":67}},"106":{"start":{"line":101,"column":36},"end":{"line":101,"column":65}},"107":{"start":{"line":102,"column":10},"end":{"line":102,"column":17}},"108":{"start":{"line":105,"column":8},"end":{"line":108,"column":18}},"109":{"start":{"line":106,"column":10},"end":{"line":106,"column":79}},"110":{"start":{"line":107,"column":36},"end":{"line":107,"column":65}},"111":{"start":{"line":108,"column":10},"end":{"line":108,"column":17}},"112":{"start":{"line":110,"column":8},"end":{"line":110,"column":15}},"113":{"start":{"line":116,"column":6},"end":{"line":116,"column":39}},"114":{"start":{"line":117,"column":6},"end":{"line":117,"column":116}},"115":{"start":{"line":119,"column":6},"end":{"line":119,"column":73}},"116":{"start":{"line":122,"column":6},"end":{"line":124,"column":36}},"117":{"start":{"line":123,"column":8},"end":{"line":123,"column":40}},"118":{"start":{"line":124,"column":8},"end":{"line":124,"column":33}},"119":{"start":{"line":128,"column":6},"end":{"line":128,"column":70}},"120":{"start":{"line":130,"column":6},"end":{"line":130,"column":89}},"121":{"start":{"line":131,"column":6},"end":{"line":131,"column":104}},"122":{"start":{"line":132,"column":6},"end":{"line":132,"column":95}},"123":{"start":{"line":134,"column":6},"end":{"line":134,"column":32}},"124":{"start":{"line":138,"column":6},"end":{"line":138,"column":39}},"125":{"start":{"line":139,"column":6},"end":{"line":139,"column":116}},"126":{"start":{"line":141,"column":6},"end":{"line":141,"column":86}},"127":{"start":{"line":143,"column":6},"end":{"line":143,"column":73}},"128":{"start":{"line":145,"column":6},"end":{"line":145,"column":63}},"129":{"start":{"line":147,"column":6},"end":{"line":147,"column":89}},"130":{"start":{"line":148,"column":6},"end":{"line":148,"column":104}},"131":{"start":{"line":149,"column":6},"end":{"line":149,"column":98}},"132":{"start":{"line":151,"column":6},"end":{"line":151,"column":32}},"133":{"start":{"line":155,"column":6},"end":{"line":155,"column":39}},"134":{"start":{"line":156,"column":6},"end":{"line":156,"column":116}},"135":{"start":{"line":158,"column":6},"end":{"line":158,"column":94}},"136":{"start":{"line":160,"column":6},"end":{"line":160,"column":73}},"137":{"start":{"line":162,"column":6},"end":{"line":162,"column":74}},"138":{"start":{"line":164,"column":6},"end":{"line":164,"column":89}},"139":{"start":{"line":165,"column":6},"end":{"line":165,"column":104}},"140":{"start":{"line":166,"column":6},"end":{"line":166,"column":104}},"141":{"start":{"line":168,"column":6},"end":{"line":168,"column":32}},"142":{"start":{"line":172,"column":6},"end":{"line":172,"column":34}},"143":{"start":{"line":173,"column":6},"end":{"line":173,"column":101}},"144":{"start":{"line":175,"column":6},"end":{"line":175,"column":73}},"145":{"start":{"line":177,"column":6},"end":{"line":181,"column":26}},"146":{"start":{"line":178,"column":8},"end":{"line":179,"column":35}},"147":{"start":{"line":179,"column":10},"end":{"line":179,"column":34}},"148":{"start":{"line":181,"column":8},"end":{"line":181,"column":23}},"149":{"start":{"line":184,"column":6},"end":{"line":184,"column":89}},"150":{"start":{"line":185,"column":6},"end":{"line":185,"column":104}},"151":{"start":{"line":186,"column":6},"end":{"line":186,"column":93}},"152":{"start":{"line":188,"column":6},"end":{"line":188,"column":32}},"153":{"start":{"line":191,"column":31},"end":{"line":191,"column":49}},"154":{"start":{"line":192,"column":6},"end":{"line":214,"column":27}},"155":{"start":{"line":193,"column":8},"end":{"line":193,"column":39}},"156":{"start":{"line":196,"column":8},"end":{"line":200,"column":91}},"157":{"start":{"line":197,"column":10},"end":{"line":198,"column":72}},"158":{"start":{"line":197,"column":26},"end":{"line":197,"column":65}},"159":{"start":{"line":198,"column":10},"end":{"line":198,"column":72}},"160":{"start":{"line":200,"column":10},"end":{"line":200,"column":90}},"161":{"start":{"line":204,"column":8},"end":{"line":212,"column":43}},"162":{"start":{"line":206,"column":12},"end":{"line":206,"column":36}},"163":{"start":{"line":206,"column":36},"end":{"line":206,"column":42}},"164":{"start":{"line":208,"column":12},"end":{"line":208,"column":34}},"165":{"start":{"line":208,"column":34},"end":{"line":208,"column":40}},"166":{"start":{"line":210,"column":12},"end":{"line":210,"column":37}},"167":{"start":{"line":210,"column":37},"end":{"line":210,"column":43}},"168":{"start":{"line":212,"column":12},"end":{"line":212,"column":36}},"169":{"start":{"line":212,"column":36},"end":{"line":212,"column":42}},"170":{"start":{"line":214,"column":8},"end":{"line":214,"column":25}},"171":{"start":{"line":217,"column":6},"end":{"line":229,"column":24}},"172":{"start":{"line":218,"column":8},"end":{"line":218,"column":54}},"173":{"start":{"line":219,"column":8},"end":{"line":227,"column":35}},"174":{"start":{"line":221,"column":12},"end":{"line":221,"column":28}},"175":{"start":{"line":221,"column":28},"end":{"line":221,"column":34}},"176":{"start":{"line":223,"column":12},"end":{"line":223,"column":26}},"177":{"start":{"line":223,"column":26},"end":{"line":223,"column":32}},"178":{"start":{"line":225,"column":12},"end":{"line":225,"column":29}},"179":{"start":{"line":225,"column":29},"end":{"line":225,"column":35}},"180":{"start":{"line":227,"column":12},"end":{"line":227,"column":28}},"181":{"start":{"line":227,"column":28},"end":{"line":227,"column":34}},"182":{"start":{"line":229,"column":8},"end":{"line":229,"column":22}},"183":{"start":{"line":232,"column":6},"end":{"line":232,"column":54}},"184":{"start":{"line":234,"column":6},"end":{"line":305,"column":149}},"185":{"start":{"line":256,"column":10},"end":{"line":261,"column":64}},"186":{"start":{"line":277,"column":10},"end":{"line":280,"column":123}},"187":{"start":{"line":305,"column":155},"end":{"line":305,"column":173},"skip":true},"188":{"start":{"line":305,"column":256},"end":{"line":319,"column":11}}},"branchMap":{"1":{"line":1,"type":"binary-expr","locations":[{"start":{"line":1,"column":117},"end":{"line":1,"column":130}},{"start":{"line":1,"column":134},"end":{"line":1,"column":348}}]},"2":{"line":1,"type":"if","locations":[{"start":{"line":1,"column":248},"end":{"line":1,"column":248}},{"start":{"line":1,"column":248},"end":{"line":1,"column":248}}]},"3":{"line":1,"type":"binary-expr","locations":[{"start":{"line":1,"column":513},"end":{"line":1,"column":534}},{"start":{"line":1,"column":538},"end":{"line":1,"column":543}}]},"4":{"line":1,"type":"if","locations":[{"start":{"line":1,"column":575},"end":{"line":1,"column":575}},{"start":{"line":1,"column":575},"end":{"line":1,"column":575}}]},"5":{"line":1,"type":"if","locations":[{"start":{"line":1,"column":745},"end":{"line":1,"column":745}},{"start":{"line":1,"column":745},"end":{"line":1,"column":745}}]},"6":{"line":1,"type":"if","locations":[{"start":{"line":1,"column":813},"end":{"line":1,"column":813}},{"start":{"line":1,"column":813},"end":{"line":1,"column":813}}]},"7":{"line":8,"type":"cond-expr","locations":[{"start":{"line":8,"column":230},"end":{"line":8,"column":233}},{"start":{"line":8,"column":236},"end":{"line":8,"column":252}}]},"8":{"line":8,"type":"binary-expr","locations":[{"start":{"line":8,"column":206},"end":{"line":8,"column":209}},{"start":{"line":8,"column":213},"end":{"line":8,"column":227}}]},"9":{"line":8,"type":"if","locations":[{"start":{"line":8,"column":288},"end":{"line":8,"column":288}},{"start":{"line":8,"column":288},"end":{"line":8,"column":288}}]},"10":{"line":8,"type":"if","locations":[{"start":{"line":8,"column":489},"end":{"line":8,"column":489}},{"start":{"line":8,"column":489},"end":{"line":8,"column":489}}]},"11":{"line":8,"type":"if","locations":[{"start":{"line":8,"column":638},"end":{"line":8,"column":638}},{"start":{"line":8,"column":638},"end":{"line":8,"column":638}}]},"12":{"line":8,"type":"cond-expr","locations":[{"start":{"line":8,"column":811},"end":{"line":8,"column":815}},{"start":{"line":8,"column":818},"end":{"line":8,"column":822}}]},"13":{"line":8,"type":"binary-expr","locations":[{"start":{"line":8,"column":744},"end":{"line":8,"column":748}},{"start":{"line":8,"column":753},"end":{"line":8,"column":777}},{"start":{"line":8,"column":781},"end":{"line":8,"column":807}}]},"14":{"line":8,"type":"if","locations":[{"start":{"line":8,"column":866},"end":{"line":8,"column":866}},{"start":{"line":8,"column":866},"end":{"line":8,"column":866}}]},"15":{"line":8,"type":"binary-expr","locations":[{"start":{"line":8,"column":870},"end":{"line":8,"column":902}},{"start":{"line":8,"column":906},"end":{"line":8,"column":925}}]},"16":{"line":8,"type":"binary-expr","locations":[{"start":{"line":8,"column":1064},"end":{"line":8,"column":1074}},{"start":{"line":8,"column":1078},"end":{"line":8,"column":1098}}]},"17":{"line":8,"type":"if","locations":[{"start":{"line":8,"column":1193},"end":{"line":8,"column":1193}},{"start":{"line":8,"column":1193},"end":{"line":8,"column":1193}}]},"18":{"line":8,"type":"cond-expr","locations":[{"start":{"line":8,"column":1233},"end":{"line":8,"column":1276}},{"start":{"line":8,"column":1279},"end":{"line":8,"column":1310}}]},"19":{"line":99,"type":"if","locations":[{"start":{"line":99,"column":8},"end":{"line":99,"column":8}},{"start":{"line":99,"column":8},"end":{"line":99,"column":8}}]},"20":{"line":105,"type":"if","locations":[{"start":{"line":105,"column":8},"end":{"line":105,"column":8}},{"start":{"line":105,"column":8},"end":{"line":105,"column":8}}]},"21":{"line":178,"type":"if","locations":[{"start":{"line":178,"column":8},"end":{"line":178,"column":8}},{"start":{"line":178,"column":8},"end":{"line":178,"column":8}}]},"22":{"line":196,"type":"if","locations":[{"start":{"line":196,"column":8},"end":{"line":196,"column":8}},{"start":{"line":196,"column":8},"end":{"line":196,"column":8}}]},"23":{"line":197,"type":"if","locations":[{"start":{"line":197,"column":10},"end":{"line":197,"column":10}},{"start":{"line":197,"column":10},"end":{"line":197,"column":10}}]},"24":{"line":200,"type":"cond-expr","locations":[{"start":{"line":200,"column":36},"end":{"line":200,"column":38}},{"start":{"line":200,"column":41},"end":{"line":200,"column":89}}]},"25":{"line":204,"type":"switch","locations":[{"start":{"line":205,"column":10},"end":{"line":206,"column":42}},{"start":{"line":207,"column":10},"end":{"line":208,"column":40}},{"start":{"line":209,"column":10},"end":{"line":210,"column":43}},{"start":{"line":211,"column":10},"end":{"line":212,"column":42}}]},"26":{"line":219,"type":"switch","locations":[{"start":{"line":220,"column":10},"end":{"line":221,"column":34}},{"start":{"line":222,"column":10},"end":{"line":223,"column":32}},{"start":{"line":224,"column":10},"end":{"line":225,"column":35}},{"start":{"line":226,"column":10},"end":{"line":227,"column":34}}]},"27":{"line":240,"type":"cond-expr","locations":[{"start":{"line":240,"column":163},"end":{"line":240,"column":181}},{"start":{"line":240,"column":184},"end":{"line":240,"column":195}}]},"28":{"line":280,"type":"cond-expr","locations":[{"start":{"line":280,"column":62},"end":{"line":280,"column":83}},{"start":{"line":280,"column":86},"end":{"line":280,"column":90}}]},"29":{"line":287,"type":"cond-expr","locations":[{"start":{"line":287,"column":37},"end":{"line":287,"column":66}},{"start":{"line":287,"column":69},"end":{"line":287,"column":89}}]},"30":{"line":288,"type":"cond-expr","locations":[{"start":{"line":288,"column":35},"end":{"line":288,"column":39}},{"start":{"line":288,"column":42},"end":{"line":288,"column":56}}]}},"l":{"1":18,"3":2,"4":2,"5":2,"6":2,"7":2,"8":36,"9":2,"10":2,"11":8,"15":8,"17":8,"18":8,"19":8,"20":8,"23":8,"24":8,"25":8,"26":8,"29":2,"31":1,"34":1,"35":1,"36":1,"37":1,"39":1,"43":3,"44":3,"46":3,"48":3,"52":3,"54":3,"55":3,"56":3,"58":3,"61":1,"62":1,"64":1,"65":1,"66":1,"67":1,"68":1,"69":1,"70":1,"71":1,"72":1,"73":1,"75":1,"76":4,"78":1,"97":1,"99":1,"100":0,"101":0,"102":0,"105":1,"106":0,"107":0,"108":0,"110":1,"116":0,"117":0,"119":0,"122":0,"123":0,"124":0,"128":0,"130":0,"131":0,"132":0,"134":0,"138":0,"139":0,"141":0,"143":0,"145":0,"147":0,"148":0,"149":0,"151":0,"155":0,"156":0,"158":0,"160":0,"162":0,"164":0,"165":0,"166":0,"168":0,"172":0,"173":0,"175":0,"177":0,"178":0,"179":0,"181":0,"184":0,"185":0,"186":0,"188":0,"191":16,"192":16,"193":96,"196":96,"197":72,"198":0,"200":24,"204":96,"206":7,"208":14,"210":3,"212":6,"214":96,"217":16,"218":96,"219":96,"221":7,"223":14,"225":3,"227":6,"229":96,"232":16,"234":16,"256":64,"277":96,"305":2}},
"/home/rainteller/r/awake/app/js/state/init.js":{"path":"/home/rainteller/r/awake/app/js/state/init.js","s":{"1":2,"2":2,"3":2,"4":2,"5":2,"6":2,"7":8,"8":2,"9":2,"10":2},"b":{"1":[0,2],"2":[2,2]},"f":{"1":2,"2":8},"fnMap":{"1":{"name":"_interopRequireDefault","line":2,"loc":{"start":{"line":2,"column":132},"end":{"line":2,"column":169}}},"2":{"name":"randomHp","line":4,"loc":{"start":{"line":4,"column":15},"end":{"line":4,"column":61}}}},"statementMap":{"1":{"start":{"line":1,"column":40},"end":{"line":1,"column":102}},"2":{"start":{"line":2,"column":0},"end":{"line":2,"column":58}},"3":{"start":{"line":2,"column":85},"end":{"line":2,"column":132}},"4":{"start":{"line":2,"column":132},"end":{"line":2,"column":225}},"5":{"start":{"line":2,"column":170},"end":{"line":2,"column":224}},"6":{"start":{"line":4,"column":0},"end":{"line":4,"column":130}},"7":{"start":{"line":4,"column":62},"end":{"line":4,"column":128},"skip":true},"8":{"start":{"line":6,"column":0},"end":{"line":22,"column":14}},"9":{"start":{"line":25,"column":0},"end":{"line":41,"column":14}},"10":{"start":{"line":45,"column":26},"end":{"line":45,"column":101}}},"branchMap":{"1":{"line":2,"type":"cond-expr","locations":[{"start":{"line":2,"column":201},"end":{"line":2,"column":204}},{"start":{"line":2,"column":207},"end":{"line":2,"column":223}}]},"2":{"line":2,"type":"binary-expr","locations":[{"start":{"line":2,"column":177},"end":{"line":2,"column":180}},{"start":{"line":2,"column":184},"end":{"line":2,"column":198}}]}},"l":{"1":2,"2":2,"4":8,"6":2,"25":2,"45":2}},
"/home/rainteller/r/awake/app/js/utils/fn.js":{"path":"/home/rainteller/r/awake/app/js/utils/fn.js","s":{"1":2,"2":2,"3":0,"4":0,"5":0,"6":0,"7":0,"8":0,"9":2,"10":2,"11":2,"12":2,"13":2,"14":2,"15":2,"16":6,"17":2},"b":{"1":[2,0],"2":[0,0],"3":[6,0],"4":[6,6]},"f":{"1":0,"2":6},"fnMap":{"1":{"name":"(anonymous_1)","line":1,"loc":{"start":{"line":1,"column":134},"end":{"line":1,"column":152}}},"2":{"name":"_interopRequireDefault","line":4,"loc":{"start":{"line":4,"column":141},"end":{"line":4,"column":178}}}},"statementMap":{"1":{"start":{"line":1,"column":40},"end":{"line":1,"column":102}},"2":{"start":{"line":1,"column":102},"end":{"line":1,"column":349}},"3":{"start":{"line":1,"column":153},"end":{"line":1,"column":333}},"4":{"start":{"line":1,"column":197},"end":{"line":1,"column":223}},"5":{"start":{"line":1,"column":223},"end":{"line":1,"column":332}},"6":{"start":{"line":1,"column":248},"end":{"line":1,"column":331}},"7":{"start":{"line":1,"column":304},"end":{"line":1,"column":330}},"8":{"start":{"line":1,"column":333},"end":{"line":1,"column":347}},"9":{"start":{"line":2,"column":0},"end":{"line":2,"column":59}},"10":{"start":{"line":2,"column":86},"end":{"line":2,"column":129}},"11":{"start":{"line":3,"column":0},"end":{"line":3,"column":59}},"12":{"start":{"line":3,"column":86},"end":{"line":3,"column":129}},"13":{"start":{"line":4,"column":0},"end":{"line":4,"column":65}},"14":{"start":{"line":4,"column":92},"end":{"line":4,"column":141}},"15":{"start":{"line":4,"column":141},"end":{"line":4,"column":234}},"16":{"start":{"line":4,"column":179},"end":{"line":4,"column":233}},"17":{"start":{"line":4,"column":234},"end":{"line":4,"column":316}}},"branchMap":{"1":{"line":1,"type":"binary-expr","locations":[{"start":{"line":1,"column":117},"end":{"line":1,"column":130}},{"start":{"line":1,"column":134},"end":{"line":1,"column":348}}]},"2":{"line":1,"type":"if","locations":[{"start":{"line":1,"column":248},"end":{"line":1,"column":248}},{"start":{"line":1,"column":248},"end":{"line":1,"column":248}}]},"3":{"line":4,"type":"cond-expr","locations":[{"start":{"line":4,"column":210},"end":{"line":4,"column":213}},{"start":{"line":4,"column":216},"end":{"line":4,"column":232}}]},"4":{"line":4,"type":"binary-expr","locations":[{"start":{"line":4,"column":186},"end":{"line":4,"column":189}},{"start":{"line":4,"column":193},"end":{"line":4,"column":207}}]}},"l":{"1":2,"2":2,"3":2,"4":6}},
"/home/rainteller/r/awake/app/js/utils/acts.js":{"path":"/home/rainteller/r/awake/app/js/utils/acts.js","s":{"1":2,"2":2,"3":2,"4":2,"5":2,"6":2,"7":1,"8":1,"9":2,"10":1,"11":1,"12":2,"13":5,"14":0,"15":5,"16":5,"17":2,"18":2,"19":12,"20":12,"21":2,"22":2,"23":3,"24":18,"25":9,"26":18,"27":3,"28":2,"29":1,"30":6,"31":1,"32":2,"33":5,"34":30,"35":5,"36":30,"37":5,"38":30,"39":5,"40":30,"41":5,"42":30,"43":5,"44":5,"45":5,"46":5,"47":5,"48":20,"49":20,"50":20,"51":20,"52":20,"53":5,"54":2,"55":0,"56":0,"57":0,"58":0,"59":0,"60":2,"61":1,"62":6,"63":1,"64":2,"65":0,"66":0,"67":2,"68":1,"69":1,"70":1,"71":1,"72":1,"73":2,"74":1,"75":1,"76":1,"77":2,"78":1,"79":4,"80":1,"81":2,"82":1,"83":1,"84":2},"b":{"1":[0,2],"2":[2,2],"3":[0,5],"4":[9,9],"5":[0,0]},"f":{"1":2,"2":1,"3":1,"4":5,"5":2,"6":12,"7":3,"8":18,"9":1,"10":6,"11":5,"12":30,"13":30,"14":30,"15":30,"16":30,"17":20,"18":0,"19":0,"20":1,"21":6,"22":0,"23":1,"24":1,"25":1,"26":4,"27":1},"fnMap":{"1":{"name":"_interopRequireDefault","line":2,"loc":{"start":{"line":2,"column":132},"end":{"line":2,"column":169}}},"2":{"name":"incrTurnCount","line":5,"loc":{"start":{"line":5,"column":20},"end":{"line":5,"column":54}}},"3":{"name":"setRollsLeft","line":11,"loc":{"start":{"line":11,"column":19},"end":{"line":11,"column":57}}},"4":{"name":"decrRollsLeft","line":17,"loc":{"start":{"line":17,"column":20},"end":{"line":17,"column":54}}},"5":{"name":"rollSixDice","line":27,"loc":{"start":{"line":27,"column":18},"end":{"line":27,"column":50}}},"6":{"name":"(anonymous_6)","line":28,"loc":{"start":{"line":28,"column":21},"end":{"line":28,"column":36}}},"7":{"name":"rollRollableDice","line":35,"loc":{"start":{"line":35,"column":23},"end":{"line":35,"column":60}}},"8":{"name":"(anonymous_8)","line":36,"loc":{"start":{"line":36,"column":21},"end":{"line":36,"column":36}}},"9":{"name":"setAllDiceToRollable","line":44,"loc":{"start":{"line":44,"column":27},"end":{"line":44,"column":68}}},"10":{"name":"(anonymous_10)","line":45,"loc":{"start":{"line":45,"column":21},"end":{"line":45,"column":62}}},"11":{"name":"updatePortionsFromRollResults","line":50,"loc":{"start":{"line":50,"column":36},"end":{"line":50,"column":86}}},"12":{"name":"(anonymous_12)","line":51,"loc":{"start":{"line":51,"column":33},"end":{"line":51,"column":74}}},"13":{"name":"(anonymous_13)","line":52,"loc":{"start":{"line":52,"column":26},"end":{"line":52,"column":67}}},"14":{"name":"(anonymous_14)","line":53,"loc":{"start":{"line":53,"column":26},"end":{"line":53,"column":67}}},"15":{"name":"(anonymous_15)","line":54,"loc":{"start":{"line":54,"column":28},"end":{"line":54,"column":69}}},"16":{"name":"(anonymous_16)","line":55,"loc":{"start":{"line":55,"column":27},"end":{"line":55,"column":68}}},"17":{"name":"(anonymous_17)","line":61,"loc":{"start":{"line":61,"column":25},"end":{"line":61,"column":44}}},"18":{"name":"makeDiceUnusable","line":74,"loc":{"start":{"line":74,"column":23},"end":{"line":74,"column":92}}},"19":{"name":"(anonymous_19)","line":75,"loc":{"start":{"line":75,"column":21},"end":{"line":75,"column":36}}},"20":{"name":"makeAllDiceUsable","line":82,"loc":{"start":{"line":82,"column":24},"end":{"line":82,"column":62}}},"21":{"name":"(anonymous_21)","line":83,"loc":{"start":{"line":83,"column":21},"end":{"line":83,"column":62}}},"22":{"name":"didThisTurn","line":88,"loc":{"start":{"line":88,"column":18},"end":{"line":88,"column":58}}},"23":{"name":"resetDidThisTurn","line":94,"loc":{"start":{"line":94,"column":23},"end":{"line":94,"column":60}}},"24":{"name":"spawnDoubtsRandomly","line":103,"loc":{"start":{"line":103,"column":26},"end":{"line":103,"column":81}}},"25":{"name":"removeEachPortionsHpEqualToNumberOfDoubts","line":112,"loc":{"start":{"line":112,"column":48},"end":{"line":112,"column":110}}},"26":{"name":"(anonymous_26)","line":113,"loc":{"start":{"line":113,"column":25},"end":{"line":113,"column":70}}},"27":{"name":"startNewGame","line":118,"loc":{"start":{"line":118,"column":19},"end":{"line":118,"column":52}}}},"statementMap":{"1":{"start":{"line":1,"column":40},"end":{"line":1,"column":102}},"2":{"start":{"line":2,"column":0},"end":{"line":2,"column":58}},"3":{"start":{"line":2,"column":85},"end":{"line":2,"column":132}},"4":{"start":{"line":2,"column":132},"end":{"line":2,"column":225}},"5":{"start":{"line":2,"column":170},"end":{"line":2,"column":224}},"6":{"start":{"line":5,"column":0},"end":{"line":7,"column":21}},"7":{"start":{"line":6,"column":2},"end":{"line":6,"column":22}},"8":{"start":{"line":7,"column":2},"end":{"line":7,"column":19}},"9":{"start":{"line":11,"column":0},"end":{"line":13,"column":21}},"10":{"start":{"line":12,"column":2},"end":{"line":12,"column":29}},"11":{"start":{"line":13,"column":2},"end":{"line":13,"column":19}},"12":{"start":{"line":17,"column":0},"end":{"line":22,"column":24}},"13":{"start":{"line":18,"column":2},"end":{"line":22,"column":22}},"14":{"start":{"line":19,"column":2},"end":{"line":19,"column":51}},"15":{"start":{"line":21,"column":4},"end":{"line":21,"column":30}},"16":{"start":{"line":22,"column":4},"end":{"line":22,"column":21}},"17":{"start":{"line":27,"column":0},"end":{"line":32,"column":21}},"18":{"start":{"line":28,"column":2},"end":{"line":30,"column":18}},"19":{"start":{"line":29,"column":4},"end":{"line":29,"column":71}},"20":{"start":{"line":30,"column":4},"end":{"line":30,"column":15}},"21":{"start":{"line":32,"column":2},"end":{"line":32,"column":19}},"22":{"start":{"line":35,"column":0},"end":{"line":41,"column":21}},"23":{"start":{"line":36,"column":2},"end":{"line":39,"column":18}},"24":{"start":{"line":37,"column":4},"end":{"line":38,"column":71}},"25":{"start":{"line":38,"column":4},"end":{"line":38,"column":71}},"26":{"start":{"line":39,"column":4},"end":{"line":39,"column":15}},"27":{"start":{"line":41,"column":2},"end":{"line":41,"column":19}},"28":{"start":{"line":44,"column":0},"end":{"line":46,"column":21}},"29":{"start":{"line":45,"column":2},"end":{"line":45,"column":93}},"30":{"start":{"line":45,"column":63},"end":{"line":45,"column":90},"skip":true},"31":{"start":{"line":46,"column":2},"end":{"line":46,"column":19}},"32":{"start":{"line":50,"column":0},"end":{"line":69,"column":21}},"33":{"start":{"line":51,"column":2},"end":{"line":51,"column":94}},"34":{"start":{"line":51,"column":75},"end":{"line":51,"column":91},"skip":true},"35":{"start":{"line":52,"column":2},"end":{"line":52,"column":88}},"36":{"start":{"line":52,"column":68},"end":{"line":52,"column":85},"skip":true},"37":{"start":{"line":53,"column":2},"end":{"line":53,"column":88}},"38":{"start":{"line":53,"column":68},"end":{"line":53,"column":85},"skip":true},"39":{"start":{"line":54,"column":2},"end":{"line":54,"column":90}},"40":{"start":{"line":54,"column":70},"end":{"line":54,"column":87},"skip":true},"41":{"start":{"line":55,"column":2},"end":{"line":55,"column":89}},"42":{"start":{"line":55,"column":69},"end":{"line":55,"column":86},"skip":true},"43":{"start":{"line":56,"column":2},"end":{"line":56,"column":37}},"44":{"start":{"line":57,"column":2},"end":{"line":57,"column":35}},"45":{"start":{"line":58,"column":2},"end":{"line":58,"column":40}},"46":{"start":{"line":59,"column":2},"end":{"line":59,"column":38}},"47":{"start":{"line":61,"column":2},"end":{"line":66,"column":22}},"48":{"start":{"line":62,"column":4},"end":{"line":62,"column":35}},"49":{"start":{"line":63,"column":4},"end":{"line":63,"column":31}},"50":{"start":{"line":64,"column":4},"end":{"line":64,"column":37}},"51":{"start":{"line":65,"column":4},"end":{"line":65,"column":35}},"52":{"start":{"line":66,"column":4},"end":{"line":66,"column":19}},"53":{"start":{"line":69,"column":2},"end":{"line":69,"column":19}},"54":{"start":{"line":74,"column":0},"end":{"line":79,"column":21}},"55":{"start":{"line":74,"column":119},"end":{"line":74,"column":140}},"56":{"start":{"line":75,"column":2},"end":{"line":77,"column":26}},"57":{"start":{"line":76,"column":4},"end":{"line":77,"column":23}},"58":{"start":{"line":77,"column":4},"end":{"line":77,"column":23}},"59":{"start":{"line":79,"column":2},"end":{"line":79,"column":19}},"60":{"start":{"line":82,"column":0},"end":{"line":84,"column":21}},"61":{"start":{"line":83,"column":2},"end":{"line":83,"column":91}},"62":{"start":{"line":83,"column":63},"end":{"line":83,"column":88},"skip":true},"63":{"start":{"line":84,"column":2},"end":{"line":84,"column":19}},"64":{"start":{"line":88,"column":0},"end":{"line":90,"column":21}},"65":{"start":{"line":89,"column":2},"end":{"line":89,"column":41}},"66":{"start":{"line":90,"column":2},"end":{"line":90,"column":19}},"67":{"start":{"line":94,"column":0},"end":{"line":99,"column":21}},"68":{"start":{"line":95,"column":2},"end":{"line":95,"column":40}},"69":{"start":{"line":96,"column":2},"end":{"line":96,"column":43}},"70":{"start":{"line":97,"column":2},"end":{"line":97,"column":49}},"71":{"start":{"line":98,"column":2},"end":{"line":98,"column":38}},"72":{"start":{"line":99,"column":2},"end":{"line":99,"column":19}},"73":{"start":{"line":103,"column":0},"end":{"line":108,"column":21}},"74":{"start":{"line":104,"column":2},"end":{"line":104,"column":79}},"75":{"start":{"line":106,"column":2},"end":{"line":106,"column":64}},"76":{"start":{"line":108,"column":2},"end":{"line":108,"column":19}},"77":{"start":{"line":112,"column":0},"end":{"line":114,"column":21}},"78":{"start":{"line":113,"column":2},"end":{"line":113,"column":113}},"79":{"start":{"line":113,"column":71},"end":{"line":113,"column":110},"skip":true},"80":{"start":{"line":114,"column":2},"end":{"line":114,"column":19}},"81":{"start":{"line":118,"column":0},"end":{"line":120,"column":21}},"82":{"start":{"line":119,"column":2},"end":{"line":119,"column":32}},"83":{"start":{"line":120,"column":2},"end":{"line":120,"column":19}},"84":{"start":{"line":120,"column":48},"end":{"line":137,"column":31}}},"branchMap":{"1":{"line":2,"type":"cond-expr","locations":[{"start":{"line":2,"column":201},"end":{"line":2,"column":204}},{"start":{"line":2,"column":207},"end":{"line":2,"column":223}}]},"2":{"line":2,"type":"binary-expr","locations":[{"start":{"line":2,"column":177},"end":{"line":2,"column":180}},{"start":{"line":2,"column":184},"end":{"line":2,"column":198}}]},"3":{"line":18,"type":"if","locations":[{"start":{"line":18,"column":2},"end":{"line":18,"column":2}},{"start":{"line":18,"column":2},"end":{"line":18,"column":2}}]},"4":{"line":37,"type":"if","locations":[{"start":{"line":37,"column":4},"end":{"line":37,"column":4}},{"start":{"line":37,"column":4},"end":{"line":37,"column":4}}]},"5":{"line":76,"type":"if","locations":[{"start":{"line":76,"column":4},"end":{"line":76,"column":4}},{"start":{"line":76,"column":4},"end":{"line":76,"column":4}}]}},"l":{"1":2,"2":2,"5":2,"6":1,"7":1,"11":2,"12":1,"13":1,"17":2,"18":5,"19":0,"21":5,"22":5,"27":2,"28":2,"29":12,"30":12,"32":2,"35":2,"36":3,"37":18,"38":9,"39":18,"41":3,"44":2,"45":6,"46":1,"50":2,"51":30,"52":30,"53":30,"54":30,"55":30,"56":5,"57":5,"58":5,"59":5,"61":5,"62":20,"63":20,"64":20,"65":20,"66":20,"69":5,"74":2,"75":0,"76":0,"77":0,"79":0,"82":2,"83":6,"84":1,"88":2,"89":0,"90":0,"94":2,"95":1,"96":1,"97":1,"98":1,"99":1,"103":2,"104":1,"106":1,"108":1,"112":2,"113":4,"114":1,"118":2,"119":1,"120":2}},
"/home/rainteller/r/awake/app/js/utils/calc.js":{"path":"/home/rainteller/r/awake/app/js/utils/calc.js","s":{"1":2,"2":2,"3":0,"4":0,"5":0,"6":0,"7":0,"8":0,"9":0,"10":0,"11":0,"12":0,"13":0,"14":0,"15":0,"16":0,"17":0,"18":0,"19":2,"20":0,"21":0,"22":0,"23":0,"24":0,"25":0,"26":0,"27":0,"28":0,"29":0,"30":0,"31":0,"32":0,"33":0,"34":0,"35":0,"36":2},"b":{"1":[0,0,0,0,0],"2":[0,0,0,0,0]},"f":{"1":0,"2":0,"3":0,"4":0,"5":0,"6":0},"fnMap":{"1":{"name":"calcHpAmount","line":3,"loc":{"start":{"line":3,"column":19},"end":{"line":3,"column":48}}},"2":{"name":"(anonymous_2)","line":4,"loc":{"start":{"line":4,"column":37},"end":{"line":4,"column":78}}},"3":{"name":"(anonymous_3)","line":4,"loc":{"start":{"line":4,"column":105},"end":{"line":4,"column":146}}},"4":{"name":"calcDoubtsAmount","line":19,"loc":{"start":{"line":19,"column":23},"end":{"line":19,"column":56}}},"5":{"name":"(anonymous_5)","line":20,"loc":{"start":{"line":20,"column":40},"end":{"line":20,"column":81}}},"6":{"name":"(anonymous_6)","line":20,"loc":{"start":{"line":20,"column":108},"end":{"line":20,"column":149}}}},"statementMap":{"1":{"start":{"line":1,"column":40},"end":{"line":1,"column":102}},"2":{"start":{"line":3,"column":0},"end":{"line":16,"column":21}},"3":{"start":{"line":4,"column":2},"end":{"line":4,"column":174}},"4":{"start":{"line":4,"column":79},"end":{"line":4,"column":95},"skip":true},"5":{"start":{"line":4,"column":147},"end":{"line":4,"column":164},"skip":true},"6":{"start":{"line":6,"column":2},"end":{"line":6,"column":20}},"7":{"start":{"line":8,"column":2},"end":{"line":13,"column":32}},"8":{"start":{"line":9,"column":11},"end":{"line":9,"column":25}},"9":{"start":{"line":9,"column":25},"end":{"line":9,"column":31}},"10":{"start":{"line":10,"column":11},"end":{"line":10,"column":25}},"11":{"start":{"line":10,"column":25},"end":{"line":10,"column":31}},"12":{"start":{"line":11,"column":11},"end":{"line":11,"column":25}},"13":{"start":{"line":11,"column":25},"end":{"line":11,"column":31}},"14":{"start":{"line":12,"column":11},"end":{"line":12,"column":25}},"15":{"start":{"line":12,"column":25},"end":{"line":12,"column":31}},"16":{"start":{"line":13,"column":11},"end":{"line":13,"column":25}},"17":{"start":{"line":13,"column":25},"end":{"line":13,"column":31}},"18":{"start":{"line":16,"column":2},"end":{"line":16,"column":19}},"19":{"start":{"line":19,"column":0},"end":{"line":32,"column":28}},"20":{"start":{"line":20,"column":2},"end":{"line":20,"column":177}},"21":{"start":{"line":20,"column":82},"end":{"line":20,"column":98},"skip":true},"22":{"start":{"line":20,"column":150},"end":{"line":20,"column":167},"skip":true},"23":{"start":{"line":22,"column":2},"end":{"line":22,"column":27}},"24":{"start":{"line":24,"column":2},"end":{"line":29,"column":39}},"25":{"start":{"line":25,"column":11},"end":{"line":25,"column":32}},"26":{"start":{"line":25,"column":32},"end":{"line":25,"column":38}},"27":{"start":{"line":26,"column":11},"end":{"line":26,"column":32}},"28":{"start":{"line":26,"column":32},"end":{"line":26,"column":38}},"29":{"start":{"line":27,"column":11},"end":{"line":27,"column":32}},"30":{"start":{"line":27,"column":32},"end":{"line":27,"column":38}},"31":{"start":{"line":28,"column":11},"end":{"line":28,"column":32}},"32":{"start":{"line":28,"column":32},"end":{"line":28,"column":38}},"33":{"start":{"line":29,"column":11},"end":{"line":29,"column":32}},"34":{"start":{"line":29,"column":32},"end":{"line":29,"column":38}},"35":{"start":{"line":32,"column":2},"end":{"line":32,"column":26}},"36":{"start":{"line":32,"column":55},"end":{"line":37,"column":39}}},"branchMap":{"1":{"line":8,"type":"switch","locations":[{"start":{"line":9,"column":4},"end":{"line":9,"column":31}},{"start":{"line":10,"column":4},"end":{"line":10,"column":31}},{"start":{"line":11,"column":4},"end":{"line":11,"column":31}},{"start":{"line":12,"column":4},"end":{"line":12,"column":31}},{"start":{"line":13,"column":4},"end":{"line":13,"column":31}}]},"2":{"line":24,"type":"switch","locations":[{"start":{"line":25,"column":4},"end":{"line":25,"column":38}},{"start":{"line":26,"column":4},"end":{"line":26,"column":38}},{"start":{"line":27,"column":4},"end":{"line":27,"column":38}},{"start":{"line":28,"column":4},"end":{"line":28,"column":38}},{"start":{"line":29,"column":4},"end":{"line":29,"column":38}}]}},"l":{"1":2,"3":2,"4":1,"6":0,"8":0,"9":0,"10":0,"11":0,"12":0,"13":0,"16":0,"19":2,"20":1,"22":0,"24":0,"25":0,"26":0,"27":0,"28":0,"29":0,"32":2}},
"/home/rainteller/r/awake/app/js/utils/winlose.js":{"path":"/home/rainteller/r/awake/app/js/utils/winlose.js","s":{"1":2,"2":2,"3":2,"4":2,"5":2,"6":2,"7":1,"8":4,"9":1,"10":0,"11":1,"12":2,"13":1,"14":4,"15":1,"16":0,"17":1,"18":2},"b":{"1":[2,0],"2":[2,2],"3":[0,1],"4":[0,1]},"f":{"1":2,"2":1,"3":4,"4":1,"5":4},"fnMap":{"1":{"name":"_interopRequireDefault","line":2,"loc":{"start":{"line":2,"column":136},"end":{"line":2,"column":173}}},"2":{"name":"checkForWin","line":4,"loc":{"start":{"line":4,"column":18},"end":{"line":4,"column":50}}},"3":{"name":"(anonymous_3)","line":5,"loc":{"start":{"line":5,"column":67},"end":{"line":5,"column":112}}},"4":{"name":"checkForLoss","line":12,"loc":{"start":{"line":12,"column":19},"end":{"line":12,"column":52}}},"5":{"name":"(anonymous_5)","line":13,"loc":{"start":{"line":13,"column":67},"end":{"line":13,"column":112}}}},"statementMap":{"1":{"start":{"line":1,"column":40},"end":{"line":1,"column":102}},"2":{"start":{"line":2,"column":0},"end":{"line":2,"column":66}},"3":{"start":{"line":2,"column":93},"end":{"line":2,"column":136}},"4":{"start":{"line":2,"column":136},"end":{"line":2,"column":229}},"5":{"start":{"line":2,"column":174},"end":{"line":2,"column":228}},"6":{"start":{"line":4,"column":0},"end":{"line":9,"column":17}},"7":{"start":{"line":5,"column":2},"end":{"line":5,"column":147}},"8":{"start":{"line":5,"column":113},"end":{"line":5,"column":144},"skip":true},"9":{"start":{"line":6,"column":2},"end":{"line":7,"column":17}},"10":{"start":{"line":7,"column":4},"end":{"line":7,"column":16}},"11":{"start":{"line":9,"column":2},"end":{"line":9,"column":15}},"12":{"start":{"line":12,"column":0},"end":{"line":17,"column":17}},"13":{"start":{"line":13,"column":2},"end":{"line":13,"column":139}},"14":{"start":{"line":13,"column":113},"end":{"line":13,"column":136},"skip":true},"15":{"start":{"line":14,"column":2},"end":{"line":15,"column":17}},"16":{"start":{"line":15,"column":4},"end":{"line":15,"column":16}},"17":{"start":{"line":17,"column":2},"end":{"line":17,"column":15}},"18":{"start":{"line":17,"column":44},"end":{"line":22,"column":31}}},"branchMap":{"1":{"line":2,"type":"cond-expr","locations":[{"start":{"line":2,"column":205},"end":{"line":2,"column":208}},{"start":{"line":2,"column":211},"end":{"line":2,"column":227}}]},"2":{"line":2,"type":"binary-expr","locations":[{"start":{"line":2,"column":181},"end":{"line":2,"column":184}},{"start":{"line":2,"column":188},"end":{"line":2,"column":202}}]},"3":{"line":6,"type":"if","locations":[{"start":{"line":6,"column":2},"end":{"line":6,"column":2}},{"start":{"line":6,"column":2},"end":{"line":6,"column":2}}]},"4":{"line":14,"type":"if","locations":[{"start":{"line":14,"column":2},"end":{"line":14,"column":2}},{"start":{"line":14,"column":2},"end":{"line":14,"column":2}}]}},"l":{"1":2,"2":2,"4":2,"5":4,"6":1,"7":0,"9":1,"12":2,"13":4,"14":1,"15":0,"17":2}},
"/home/rainteller/r/awake/app/js/Instructions.js":{"path":"/home/rainteller/r/awake/app/js/Instructions.js","s":{"1":2,"2":2,"3":2,"4":2,"5":2,"6":2,"7":2,"8":2,"9":2,"10":2,"11":2,"12":2,"13":2,"14":2,"15":0,"16":2,"17":2,"18":2,"19":2,"20":2,"21":2,"22":0,"23":0,"24":2,"25":0,"26":0,"27":0,"28":2,"29":2,"30":0,"31":2,"32":2,"33":2,"34":2,"35":2,"36":2,"37":0,"38":0,"39":2,"40":0,"41":2,"42":2},"b":{"1":[2,2],"2":[2,0],"3":[2,0],"4":[0,2],"5":[0,2],"6":[2,2],"7":[0,0],"8":[0,0],"9":[0,0],"10":[0,0,0],"11":[0,2],"12":[2,0],"13":[2,2],"14":[2,0],"15":[2,0]},"f":{"1":2,"2":2,"3":2,"4":2,"5":0,"6":0,"7":2,"8":2,"9":0,"10":0},"fnMap":{"1":{"name":"(anonymous_1)","line":1,"loc":{"start":{"line":1,"column":121},"end":{"line":1,"column":133}}},"2":{"name":"defineProperties","line":1,"loc":{"start":{"line":1,"column":134},"end":{"line":1,"column":175}}},"3":{"name":"(anonymous_3)","line":1,"loc":{"start":{"line":1,"column":449},"end":{"line":1,"column":497}}},"4":{"name":"_interopRequireDefault","line":2,"loc":{"start":{"line":2,"column":128},"end":{"line":2,"column":165}}},"5":{"name":"_classCallCheck","line":2,"loc":{"start":{"line":2,"column":221},"end":{"line":2,"column":269}}},"6":{"name":"_possibleConstructorReturn","line":2,"loc":{"start":{"line":2,"column":370},"end":{"line":2,"column":418}}},"7":{"name":"_inherits","line":2,"loc":{"start":{"line":2,"column":605},"end":{"line":2,"column":646}}},"8":{"name":"(anonymous_8)","line":4,"loc":{"start":{"line":4,"column":15},"end":{"line":4,"column":43}}},"9":{"name":"Instructions","line":4,"loc":{"start":{"line":4,"column":86},"end":{"line":4,"column":110}}},"10":{"name":"render","line":4,"loc":{"start":{"line":4,"column":300},"end":{"line":6,"column":4}}}},"statementMap":{"1":{"start":{"line":1,"column":40},"end":{"line":1,"column":102}},"2":{"start":{"line":1,"column":102},"end":{"line":1,"column":651}},"3":{"start":{"line":1,"column":134},"end":{"line":1,"column":442}},"4":{"start":{"line":1,"column":176},"end":{"line":1,"column":441}},"5":{"start":{"line":1,"column":216},"end":{"line":1,"column":242}},"6":{"start":{"line":1,"column":242},"end":{"line":1,"column":297}},"7":{"start":{"line":1,"column":297},"end":{"line":1,"column":328}},"8":{"start":{"line":1,"column":328},"end":{"line":1,"column":382}},"9":{"start":{"line":1,"column":355},"end":{"line":1,"column":382}},"10":{"start":{"line":1,"column":382},"end":{"line":1,"column":440}},"11":{"start":{"line":1,"column":442},"end":{"line":1,"column":647}},"12":{"start":{"line":1,"column":498},"end":{"line":1,"column":566}},"13":{"start":{"line":1,"column":514},"end":{"line":1,"column":566}},"14":{"start":{"line":1,"column":566},"end":{"line":1,"column":626}},"15":{"start":{"line":1,"column":583},"end":{"line":1,"column":626}},"16":{"start":{"line":1,"column":626},"end":{"line":1,"column":645}},"17":{"start":{"line":2,"column":0},"end":{"line":2,"column":56}},"18":{"start":{"line":2,"column":83},"end":{"line":2,"column":128}},"19":{"start":{"line":2,"column":128},"end":{"line":2,"column":221}},"20":{"start":{"line":2,"column":166},"end":{"line":2,"column":220}},"21":{"start":{"line":2,"column":221},"end":{"line":2,"column":370}},"22":{"start":{"line":2,"column":270},"end":{"line":2,"column":369}},"23":{"start":{"line":2,"column":311},"end":{"line":2,"column":368}},"24":{"start":{"line":2,"column":370},"end":{"line":2,"column":605}},"25":{"start":{"line":2,"column":419},"end":{"line":2,"column":518}},"26":{"start":{"line":2,"column":431},"end":{"line":2,"column":517}},"27":{"start":{"line":2,"column":518},"end":{"line":2,"column":604}},"28":{"start":{"line":2,"column":605},"end":{"line":2,"column":1093}},"29":{"start":{"line":2,"column":647},"end":{"line":2,"column":810}},"30":{"start":{"line":2,"column":709},"end":{"line":2,"column":809}},"31":{"start":{"line":2,"column":810},"end":{"line":2,"column":974}},"32":{"start":{"line":2,"column":974},"end":{"line":2,"column":1092}},"33":{"start":{"line":2,"column":990},"end":{"line":2,"column":1092}},"34":{"start":{"line":2,"column":1093},"end":{"line":64,"column":213}},"35":{"start":{"line":4,"column":44},"end":{"line":4,"column":86}},"36":{"start":{"line":4,"column":86},"end":{"line":4,"column":248}},"37":{"start":{"line":4,"column":111},"end":{"line":4,"column":147}},"38":{"start":{"line":4,"column":147},"end":{"line":4,"column":247}},"39":{"start":{"line":4,"column":248},"end":{"line":64,"column":137}},"40":{"start":{"line":7,"column":6},"end":{"line":64,"column":131}},"41":{"start":{"line":64,"column":137},"end":{"line":64,"column":157},"skip":true},"42":{"start":{"line":64,"column":240},"end":{"line":71,"column":13}}},"branchMap":{"1":{"line":1,"type":"binary-expr","locations":[{"start":{"line":1,"column":266},"end":{"line":1,"column":287}},{"start":{"line":1,"column":291},"end":{"line":1,"column":296}}]},"2":{"line":1,"type":"if","locations":[{"start":{"line":1,"column":328},"end":{"line":1,"column":328}},{"start":{"line":1,"column":328},"end":{"line":1,"column":328}}]},"3":{"line":1,"type":"if","locations":[{"start":{"line":1,"column":498},"end":{"line":1,"column":498}},{"start":{"line":1,"column":498},"end":{"line":1,"column":498}}]},"4":{"line":1,"type":"if","locations":[{"start":{"line":1,"column":566},"end":{"line":1,"column":566}},{"start":{"line":1,"column":566},"end":{"line":1,"column":566}}]},"5":{"line":2,"type":"cond-expr","locations":[{"start":{"line":2,"column":197},"end":{"line":2,"column":200}},{"start":{"line":2,"column":203},"end":{"line":2,"column":219}}]},"6":{"line":2,"type":"binary-expr","locations":[{"start":{"line":2,"column":173},"end":{"line":2,"column":176}},{"start":{"line":2,"column":180},"end":{"line":2,"column":194}}]},"7":{"line":2,"type":"if","locations":[{"start":{"line":2,"column":270},"end":{"line":2,"column":270}},{"start":{"line":2,"column":270},"end":{"line":2,"column":270}}]},"8":{"line":2,"type":"if","locations":[{"start":{"line":2,"column":419},"end":{"line":2,"column":419}},{"start":{"line":2,"column":419},"end":{"line":2,"column":419}}]},"9":{"line":2,"type":"cond-expr","locations":[{"start":{"line":2,"column":592},"end":{"line":2,"column":596}},{"start":{"line":2,"column":599},"end":{"line":2,"column":603}}]},"10":{"line":2,"type":"binary-expr","locations":[{"start":{"line":2,"column":525},"end":{"line":2,"column":529}},{"start":{"line":2,"column":534},"end":{"line":2,"column":558}},{"start":{"line":2,"column":562},"end":{"line":2,"column":588}}]},"11":{"line":2,"type":"if","locations":[{"start":{"line":2,"column":647},"end":{"line":2,"column":647}},{"start":{"line":2,"column":647},"end":{"line":2,"column":647}}]},"12":{"line":2,"type":"binary-expr","locations":[{"start":{"line":2,"column":651},"end":{"line":2,"column":683}},{"start":{"line":2,"column":687},"end":{"line":2,"column":706}}]},"13":{"line":2,"type":"binary-expr","locations":[{"start":{"line":2,"column":845},"end":{"line":2,"column":855}},{"start":{"line":2,"column":859},"end":{"line":2,"column":879}}]},"14":{"line":2,"type":"if","locations":[{"start":{"line":2,"column":974},"end":{"line":2,"column":974}},{"start":{"line":2,"column":974},"end":{"line":2,"column":974}}]},"15":{"line":2,"type":"cond-expr","locations":[{"start":{"line":2,"column":1014},"end":{"line":2,"column":1057}},{"start":{"line":2,"column":1060},"end":{"line":2,"column":1091}}]}},"l":{"1":2,"2":2,"4":2,"7":0,"64":2}}}
