TN:
SF:/home/rainteller/r/awake/app/js/Portion.js
FN:1,(anonymous_1)
FN:1,defineProperties
FN:1,(anonymous_3)
FN:2,_interopRequireDefault
FN:2,_classCallCheck
FN:2,_possibleConstructorReturn
FN:2,_inherits
FN:5,(anonymous_8)
FN:6,Portion
FN:7,render
FNF:10
FNH:10
FNDA:3,(anonymous_1)
FNDA:3,defineProperties
FNDA:3,(anonymous_3)
FNDA:3,_interopRequireDefault
FNDA:41,_classCallCheck
FNDA:41,_possibleConstructorReturn
FNDA:3,_inherits
FNDA:3,(anonymous_8)
FNDA:41,Portion
FNDA:73,render
DA:1,3
DA:2,41
DA:5,3
DA:6,41
DA:7,3
DA:11,73
DA:12,73
DA:13,73
DA:14,73
DA:16,73
DA:60,3
LF:11
LH:11
BRDA:1,1,0,3
BRDA:1,1,1,3
BRDA:1,2,0,3
BRDA:1,2,1,0
BRDA:1,3,0,3
BRDA:1,3,1,0
BRDA:1,4,0,0
BRDA:1,4,1,3
BRDA:2,5,0,0
BRDA:2,5,1,3
BRDA:2,6,0,3
BRDA:2,6,1,3
BRDA:2,7,0,0
BRDA:2,7,1,41
BRDA:2,8,0,0
BRDA:2,8,1,41
BRDA:2,9,0,0
BRDA:2,9,1,41
BRDA:2,10,0,41
BRDA:2,10,1,0
BRDA:2,10,2,0
BRDA:2,11,0,0
BRDA:2,11,1,3
BRDA:2,12,0,3
BRDA:2,12,1,0
BRDA:2,13,0,3
BRDA:2,13,1,3
BRDA:2,14,0,3
BRDA:2,14,1,0
BRDA:2,15,0,3
BRDA:2,15,1,0
BRDA:28,16,0,10
BRDA:28,16,1,63
BRDA:28,17,0,73
BRDA:28,17,1,13
BRDA:28,17,2,13
BRDA:29,18,0,10
BRDA:29,18,1,63
BRDA:29,19,0,73
BRDA:29,19,1,13
BRDA:29,19,2,13
BRDA:32,20,0,24
BRDA:32,20,1,49
BRDA:32,21,0,24
BRDA:32,21,1,49
BRDA:37,22,0,1
BRDA:37,22,1,72
BRDA:37,23,0,73
BRDA:37,23,1,1
BRDA:38,24,0,1
BRDA:38,24,1,72
BRDA:38,25,0,73
BRDA:38,25,1,1
BRDA:47,26,0,21
BRDA:47,26,1,52
BRDA:47,27,0,73
BRDA:47,27,1,21
BRDA:48,28,0,21
BRDA:48,28,1,52
BRDA:48,29,0,73
BRDA:48,29,1,21
BRDA:58,30,0,2
BRDA:58,30,1,71
BRDA:58,31,0,73
BRDA:58,31,1,5
BRDA:58,31,2,5
BRDA:59,32,0,2
BRDA:59,32,1,71
BRDA:59,33,0,73
BRDA:59,33,1,5
BRDA:59,33,2,5
BRF:71
BRH:58
end_of_record
TN:
SF:/home/rainteller/r/awake/app/js/Awake.js
FN:1,(anonymous_1)
FN:1,defineProperties
FN:1,(anonymous_3)
FN:2,_interopRequireDefault
FN:2,_classCallCheck
FN:2,_possibleConstructorReturn
FN:2,_inherits
FN:4,(anonymous_8)
FN:4,App
FN:4,render
FNF:10
FNH:10
FNDA:1,(anonymous_1)
FNDA:1,defineProperties
FNDA:1,(anonymous_3)
FNDA:2,_interopRequireDefault
FNDA:1,_classCallCheck
FNDA:1,_possibleConstructorReturn
FNDA:1,_inherits
FNDA:1,(anonymous_8)
FNDA:1,App
FNDA:1,render
DA:1,1
DA:2,2
DA:4,1
DA:6,1
DA:8,1
LF:5
LH:5
BRDA:1,1,0,1
BRDA:1,1,1,1
BRDA:1,2,0,1
BRDA:1,2,1,0
BRDA:1,3,0,1
BRDA:1,3,1,0
BRDA:1,4,0,0
BRDA:1,4,1,1
BRDA:2,5,0,1
BRDA:2,5,1,1
BRDA:2,6,0,2
BRDA:2,6,1,2
BRDA:2,7,0,0
BRDA:2,7,1,1
BRDA:2,8,0,0
BRDA:2,8,1,1
BRDA:2,9,0,0
BRDA:2,9,1,1
BRDA:2,10,0,1
BRDA:2,10,1,0
BRDA:2,10,2,0
BRDA:2,11,0,0
BRDA:2,11,1,1
BRDA:2,12,0,1
BRDA:2,12,1,0
BRDA:2,13,0,1
BRDA:2,13,1,1
BRDA:2,14,0,1
BRDA:2,14,1,0
BRDA:2,15,0,1
BRDA:2,15,1,0
BRF:31
BRH:19
end_of_record
TN:
SF:/home/rainteller/r/awake/app/js/GameScreen.js
FN:1,(anonymous_1)
FN:1,(anonymous_2)
FN:1,defineProperties
FN:1,(anonymous_4)
FN:8,_interopRequireDefault
FN:8,_toConsumableArray
FN:8,_classCallCheck
FN:8,_possibleConstructorReturn
FN:8,_inherits
FN:10,(anonymous_10)
FN:11,GameScreen
FN:29,startGame
FN:39,switchRollable
FN:48,rollAgain
FN:58,finishTurn
FN:75,(anonymous_16)
FN:76,randomHp
FN:114,moveHero
FN:122,(anonymous_19)
FN:134,addHp
FN:151,removeDoubts
FN:168,feed
FN:177,(anonymous_23)
FN:188,render
FN:192,rollable_className
FN:217,rollable_dieSide
FN:255,(anonymous_27)
FN:276,(anonymous_28)
FNF:28
FNH:21
FNDA:0,(anonymous_1)
FNDA:2,(anonymous_2)
FNDA:2,defineProperties
FNDA:2,(anonymous_4)
FNDA:10,_interopRequireDefault
FNDA:6,_toConsumableArray
FNDA:8,_classCallCheck
FNDA:8,_possibleConstructorReturn
FNDA:2,_inherits
FNDA:2,(anonymous_10)
FNDA:8,GameScreen
FNDA:1,startGame
FNDA:3,switchRollable
FNDA:3,rollAgain
FNDA:1,finishTurn
FNDA:1,(anonymous_16)
FNDA:4,randomHp
FNDA:0,moveHero
FNDA:0,(anonymous_19)
FNDA:0,addHp
FNDA:0,removeDoubts
FNDA:0,feed
FNDA:0,(anonymous_23)
FNDA:16,render
FNDA:96,rollable_className
FNDA:96,rollable_dieSide
FNDA:64,(anonymous_27)
FNDA:96,(anonymous_28)
DA:1,18
DA:3,2
DA:4,2
DA:5,2
DA:6,2
DA:7,2
DA:8,36
DA:9,2
DA:10,2
DA:11,8
DA:15,8
DA:17,8
DA:18,8
DA:19,8
DA:20,8
DA:23,8
DA:24,8
DA:25,8
DA:26,8
DA:29,2
DA:31,1
DA:34,1
DA:35,1
DA:36,1
DA:37,1
DA:39,1
DA:43,3
DA:44,3
DA:46,3
DA:48,3
DA:52,3
DA:54,3
DA:55,3
DA:56,3
DA:58,3
DA:61,1
DA:62,1
DA:64,1
DA:65,1
DA:66,1
DA:67,1
DA:68,1
DA:69,1
DA:70,1
DA:71,1
DA:72,1
DA:73,1
DA:75,1
DA:76,4
DA:78,1
DA:97,1
DA:99,1
DA:100,0
DA:101,0
DA:102,0
DA:105,1
DA:106,0
DA:107,0
DA:108,0
DA:110,1
DA:116,0
DA:117,0
DA:119,0
DA:122,0
DA:123,0
DA:124,0
DA:128,0
DA:130,0
DA:131,0
DA:132,0
DA:134,0
DA:138,0
DA:139,0
DA:141,0
DA:143,0
DA:145,0
DA:147,0
DA:148,0
DA:149,0
DA:151,0
DA:155,0
DA:156,0
DA:158,0
DA:160,0
DA:162,0
DA:164,0
DA:165,0
DA:166,0
DA:168,0
DA:172,0
DA:173,0
DA:175,0
DA:177,0
DA:178,0
DA:179,0
DA:181,0
DA:184,0
DA:185,0
DA:186,0
DA:188,0
DA:191,16
DA:192,16
DA:193,96
DA:196,96
DA:197,72
DA:198,0
DA:200,24
DA:204,96
DA:206,7
DA:208,14
DA:210,3
DA:212,6
DA:214,96
DA:217,16
DA:218,96
DA:219,96
DA:221,7
DA:223,14
DA:225,3
DA:227,6
DA:229,96
DA:232,16
DA:234,16
DA:256,64
DA:277,96
DA:305,2
LF:126
LH:79
BRDA:1,1,0,2
BRDA:1,1,1,0
BRDA:1,2,0,0
BRDA:1,2,1,0
BRDA:1,3,0,18
BRDA:1,3,1,18
BRDA:1,4,0,18
BRDA:1,4,1,0
BRDA:1,5,0,2
BRDA:1,5,1,0
BRDA:1,6,0,0
BRDA:1,6,1,2
BRDA:8,7,0,8
BRDA:8,7,1,2
BRDA:8,8,0,10
BRDA:8,8,1,10
BRDA:8,9,0,6
BRDA:8,9,1,0
BRDA:8,10,0,0
BRDA:8,10,1,8
BRDA:8,11,0,0
BRDA:8,11,1,8
BRDA:8,12,0,0
BRDA:8,12,1,8
BRDA:8,13,0,8
BRDA:8,13,1,0
BRDA:8,13,2,0
BRDA:8,14,0,0
BRDA:8,14,1,2
BRDA:8,15,0,2
BRDA:8,15,1,0
BRDA:8,16,0,2
BRDA:8,16,1,2
BRDA:8,17,0,2
BRDA:8,17,1,0
BRDA:8,18,0,2
BRDA:8,18,1,0
BRDA:99,19,0,0
BRDA:99,19,1,1
BRDA:105,20,0,0
BRDA:105,20,1,1
BRDA:178,21,0,0
BRDA:178,21,1,0
BRDA:196,22,0,72
BRDA:196,22,1,24
BRDA:197,23,0,72
BRDA:197,23,1,0
BRDA:200,24,0,24
BRDA:200,24,1,0
BRDA:204,25,0,7
BRDA:204,25,1,14
BRDA:204,25,2,3
BRDA:204,25,3,6
BRDA:219,26,0,7
BRDA:219,26,1,14
BRDA:219,26,2,3
BRDA:219,26,3,6
BRDA:240,27,0,1
BRDA:240,27,1,15
BRDA:280,28,0,96
BRDA:280,28,1,0
BRDA:287,29,0,1
BRDA:287,29,1,15
BRDA:288,30,0,1
BRDA:288,30,1,15
BRF:65
BRH:42
end_of_record
TN:
SF:/home/rainteller/r/awake/app/js/state/init.js
FN:2,_interopRequireDefault
FN:4,randomHp
FNF:2
FNH:2
FNDA:2,_interopRequireDefault
FNDA:8,randomHp
DA:1,2
DA:2,2
DA:4,8
DA:6,2
DA:25,2
DA:45,2
LF:6
LH:6
BRDA:2,1,0,0
BRDA:2,1,1,2
BRDA:2,2,0,2
BRDA:2,2,1,2
BRF:4
BRH:3
end_of_record
TN:
SF:/home/rainteller/r/awake/app/js/utils/fn.js
FN:1,(anonymous_1)
FN:4,_interopRequireDefault
FNF:2
FNH:1
FNDA:0,(anonymous_1)
FNDA:6,_interopRequireDefault
DA:1,2
DA:2,2
DA:3,2
DA:4,6
LF:4
LH:4
BRDA:1,1,0,2
BRDA:1,1,1,0
BRDA:1,2,0,0
BRDA:1,2,1,0
BRDA:4,3,0,6
BRDA:4,3,1,0
BRDA:4,4,0,6
BRDA:4,4,1,6
BRF:8
BRH:4
end_of_record
TN:
SF:/home/rainteller/r/awake/app/js/utils/acts.js
FN:2,_interopRequireDefault
FN:5,incrTurnCount
FN:11,setRollsLeft
FN:17,decrRollsLeft
FN:27,rollSixDice
FN:28,(anonymous_6)
FN:35,rollRollableDice
FN:36,(anonymous_8)
FN:44,setAllDiceToRollable
FN:45,(anonymous_10)
FN:50,updatePortionsFromRollResults
FN:51,(anonymous_12)
FN:52,(anonymous_13)
FN:53,(anonymous_14)
FN:54,(anonymous_15)
FN:55,(anonymous_16)
FN:61,(anonymous_17)
FN:74,makeDiceUnusable
FN:75,(anonymous_19)
FN:82,makeAllDiceUsable
FN:83,(anonymous_21)
FN:88,didThisTurn
FN:94,resetDidThisTurn
FN:103,spawnDoubtsRandomly
FN:112,removeEachPortionsHpEqualToNumberOfDoubts
FN:113,(anonymous_26)
FN:118,startNewGame
FNF:27
FNH:24
FNDA:2,_interopRequireDefault
FNDA:1,incrTurnCount
FNDA:1,setRollsLeft
FNDA:5,decrRollsLeft
FNDA:2,rollSixDice
FNDA:12,(anonymous_6)
FNDA:3,rollRollableDice
FNDA:18,(anonymous_8)
FNDA:1,setAllDiceToRollable
FNDA:6,(anonymous_10)
FNDA:5,updatePortionsFromRollResults
FNDA:30,(anonymous_12)
FNDA:30,(anonymous_13)
FNDA:30,(anonymous_14)
FNDA:30,(anonymous_15)
FNDA:30,(anonymous_16)
FNDA:20,(anonymous_17)
FNDA:0,makeDiceUnusable
FNDA:0,(anonymous_19)
FNDA:1,makeAllDiceUsable
FNDA:6,(anonymous_21)
FNDA:0,didThisTurn
FNDA:1,resetDidThisTurn
FNDA:1,spawnDoubtsRandomly
FNDA:1,removeEachPortionsHpEqualToNumberOfDoubts
FNDA:4,(anonymous_26)
FNDA:1,startNewGame
DA:1,2
DA:2,2
DA:5,2
DA:6,1
DA:7,1
DA:11,2
DA:12,1
DA:13,1
DA:17,2
DA:18,5
DA:19,0
DA:21,5
DA:22,5
DA:27,2
DA:28,2
DA:29,12
DA:30,12
DA:32,2
DA:35,2
DA:36,3
DA:37,18
DA:38,9
DA:39,18
DA:41,3
DA:44,2
DA:45,6
DA:46,1
DA:50,2
DA:51,30
DA:52,30
DA:53,30
DA:54,30
DA:55,30
DA:56,5
DA:57,5
DA:58,5
DA:59,5
DA:61,5
DA:62,20
DA:63,20
DA:64,20
DA:65,20
DA:66,20
DA:69,5
DA:74,2
DA:75,0
DA:76,0
DA:77,0
DA:79,0
DA:82,2
DA:83,6
DA:84,1
DA:88,2
DA:89,0
DA:90,0
DA:94,2
DA:95,1
DA:96,1
DA:97,1
DA:98,1
DA:99,1
DA:103,2
DA:104,1
DA:106,1
DA:108,1
DA:112,2
DA:113,4
DA:114,1
DA:118,2
DA:119,1
DA:120,2
LF:71
LH:64
BRDA:2,1,0,0
BRDA:2,1,1,2
BRDA:2,2,0,2
BRDA:2,2,1,2
BRDA:18,3,0,0
BRDA:18,3,1,5
BRDA:37,4,0,9
BRDA:37,4,1,9
BRDA:76,5,0,0
BRDA:76,5,1,0
BRF:10
BRH:6
end_of_record
TN:
SF:/home/rainteller/r/awake/app/js/utils/calc.js
FN:3,calcHpAmount
FN:4,(anonymous_2)
FN:4,(anonymous_3)
FN:19,calcDoubtsAmount
FN:20,(anonymous_5)
FN:20,(anonymous_6)
FNF:6
FNH:0
FNDA:0,calcHpAmount
FNDA:0,(anonymous_2)
FNDA:0,(anonymous_3)
FNDA:0,calcDoubtsAmount
FNDA:0,(anonymous_5)
FNDA:0,(anonymous_6)
DA:1,2
DA:3,2
DA:4,1
DA:6,0
DA:8,0
DA:9,0
DA:10,0
DA:11,0
DA:12,0
DA:13,0
DA:16,0
DA:19,2
DA:20,1
DA:22,0
DA:24,0
DA:25,0
DA:26,0
DA:27,0
DA:28,0
DA:29,0
DA:32,2
LF:21
LH:6
BRDA:8,1,0,0
BRDA:8,1,1,0
BRDA:8,1,2,0
BRDA:8,1,3,0
BRDA:8,1,4,0
BRDA:24,2,0,0
BRDA:24,2,1,0
BRDA:24,2,2,0
BRDA:24,2,3,0
BRDA:24,2,4,0
BRF:10
BRH:0
end_of_record
TN:
SF:/home/rainteller/r/awake/app/js/utils/winlose.js
FN:2,_interopRequireDefault
FN:4,checkForWin
FN:5,(anonymous_3)
FN:12,checkForLoss
FN:13,(anonymous_5)
FNF:5
FNH:5
FNDA:2,_interopRequireDefault
FNDA:1,checkForWin
FNDA:4,(anonymous_3)
FNDA:1,checkForLoss
FNDA:4,(anonymous_5)
DA:1,2
DA:2,2
DA:4,2
DA:5,4
DA:6,1
DA:7,0
DA:9,1
DA:12,2
DA:13,4
DA:14,1
DA:15,0
DA:17,2
LF:12
LH:10
BRDA:2,1,0,2
BRDA:2,1,1,0
BRDA:2,2,0,2
BRDA:2,2,1,2
BRDA:6,3,0,0
BRDA:6,3,1,1
BRDA:14,4,0,0
BRDA:14,4,1,1
BRF:8
BRH:5
end_of_record
TN:
SF:/home/rainteller/r/awake/app/js/Instructions.js
FN:1,(anonymous_1)
FN:1,defineProperties
FN:1,(anonymous_3)
FN:2,_interopRequireDefault
FN:2,_classCallCheck
FN:2,_possibleConstructorReturn
FN:2,_inherits
FN:4,(anonymous_8)
FN:4,Instructions
FN:4,render
FNF:10
FNH:6
FNDA:2,(anonymous_1)
FNDA:2,defineProperties
FNDA:2,(anonymous_3)
FNDA:2,_interopRequireDefault
FNDA:0,_classCallCheck
FNDA:0,_possibleConstructorReturn
FNDA:2,_inherits
FNDA:2,(anonymous_8)
FNDA:0,Instructions
FNDA:0,render
DA:1,2
DA:2,2
DA:4,2
DA:7,0
DA:64,2
LF:5
LH:4
BRDA:1,1,0,2
BRDA:1,1,1,2
BRDA:1,2,0,2
BRDA:1,2,1,0
BRDA:1,3,0,2
BRDA:1,3,1,0
BRDA:1,4,0,0
BRDA:1,4,1,2
BRDA:2,5,0,0
BRDA:2,5,1,2
BRDA:2,6,0,2
BRDA:2,6,1,2
BRDA:2,7,0,0
BRDA:2,7,1,0
BRDA:2,8,0,0
BRDA:2,8,1,0
BRDA:2,9,0,0
BRDA:2,9,1,0
BRDA:2,10,0,0
BRDA:2,10,1,0
BRDA:2,10,2,0
BRDA:2,11,0,0
BRDA:2,11,1,2
BRDA:2,12,0,2
BRDA:2,12,1,0
BRDA:2,13,0,2
BRDA:2,13,1,2
BRDA:2,14,0,2
BRDA:2,14,1,0
BRDA:2,15,0,2
BRDA:2,15,1,0
BRF:31
BRH:14
end_of_record
